{"C:\\Users\\sugam1001\\Desktop\\demo 5\\travel-portal\\src\\assets\\12.jpg": {"path":"C:\\Users\\sugam1001\\Desktop\\demo 5\\travel-portal\\src\\assets\\12.jpg","statementMap":{},"fnMap":{},"branchMap":{},"s":{},"f":{},"b":{},"meta":{"lastBranch":0,"lastFunction":0,"lastStatement":0,"seen":{}}}
,"C:\\Users\\sugam1001\\Desktop\\demo 5\\travel-portal\\src\\components\\custom\\AdventureSection.tsx": {"path":"C:\\Users\\sugam1001\\Desktop\\demo 5\\travel-portal\\src\\components\\custom\\AdventureSection.tsx","statementMap":{"0":{"start":{"line":23,"column":19},"end":{"line":30,"column":null}},"1":{"start":{"line":33,"column":8},"end":{"line":33,"column":null}},"2":{"start":{"line":34,"column":32},"end":{"line":34,"column":null}},"3":{"start":{"line":36,"column":26},"end":{"line":46,"column":null}},"4":{"start":{"line":37,"column":4},"end":{"line":45,"column":null}},"5":{"start":{"line":38,"column":6},"end":{"line":43,"column":null}},"6":{"start":{"line":39,"column":8},"end":{"line":39,"column":null}},"7":{"start":{"line":41,"column":8},"end":{"line":41,"column":null}},"8":{"start":{"line":44,"column":6},"end":{"line":44,"column":null}},"9":{"start":{"line":48,"column":2},"end":{"line":128,"column":null}},"10":{"start":{"line":63,"column":14},"end":{"line":80,"column":null}},"11":{"start":{"line":115,"column":18},"end":{"line":115,"column":null}},"12":{"start":{"line":116,"column":19},"end":{"line":116,"column":null}}},"fnMap":{"0":{"name":"AdventureSection","decl":{"start":{"line":32,"column":16},"end":{"line":32,"column":35}},"loc":{"start":{"line":32,"column":35},"end":{"line":130,"column":null}},"line":32},"1":{"name":"(anonymous_1)","decl":{"start":{"line":36,"column":26},"end":{"line":36,"column":32}},"loc":{"start":{"line":36,"column":32},"end":{"line":46,"column":null}},"line":36},"2":{"name":"(anonymous_2)","decl":{"start":{"line":62,"column":28},"end":{"line":62,"column":29}},"loc":{"start":{"line":63,"column":14},"end":{"line":80,"column":null}},"line":63},"3":{"name":"(anonymous_3)","decl":{"start":{"line":115,"column":12},"end":{"line":115,"column":18}},"loc":{"start":{"line":115,"column":18},"end":{"line":115,"column":null}},"line":115},"4":{"name":"(anonymous_4)","decl":{"start":{"line":116,"column":13},"end":{"line":116,"column":19}},"loc":{"start":{"line":116,"column":19},"end":{"line":116,"column":null}},"line":116}},"branchMap":{"0":{"loc":{"start":{"line":37,"column":4},"end":{"line":45,"column":null}},"type":"if","locations":[{"start":{"line":37,"column":4},"end":{"line":45,"column":null}},{"start":{},"end":{}}],"line":37},"1":{"loc":{"start":{"line":38,"column":6},"end":{"line":43,"column":null}},"type":"if","locations":[{"start":{"line":38,"column":6},"end":{"line":43,"column":null}},{"start":{"line":40,"column":13},"end":{"line":43,"column":null}}],"line":38},"2":{"loc":{"start":{"line":118,"column":3},"end":{"line":123,"column":null}},"type":"binary-expr","locations":[{"start":{"line":118,"column":3},"end":{"line":118,"column":null}},{"start":{"line":119,"column":4},"end":{"line":123,"column":null}}],"line":118}},"s":{"0":1,"1":7,"2":7,"3":7,"4":2,"5":2,"6":1,"7":1,"8":2,"9":7,"10":42,"11":0,"12":0},"f":{"0":7,"1":2,"2":42,"3":0,"4":0},"b":{"0":[2,0],"1":[1,1],"2":[7,6]},"meta":{"lastBranch":3,"lastFunction":5,"lastStatement":13,"seen":{"s:23:19:30:Infinity":0,"f:32:16:32:35":0,"s:33:8:33:Infinity":1,"s:34:32:34:Infinity":2,"s:36:26:46:Infinity":3,"f:36:26:36:32":1,"b:37:4:45:Infinity:undefined:undefined:undefined:undefined":0,"s:37:4:45:Infinity":4,"b:38:6:43:Infinity:40:13:43:Infinity":1,"s:38:6:43:Infinity":5,"s:39:8:39:Infinity":6,"s:41:8:41:Infinity":7,"s:44:6:44:Infinity":8,"s:48:2:128:Infinity":9,"f:62:28:62:29":2,"s:63:14:80:Infinity":10,"f:115:12:115:18":3,"s:115:18:115:Infinity":11,"f:116:13:116:19":4,"s:116:19:116:Infinity":12,"b:118:3:118:Infinity:119:4:123:Infinity":2}}}
,"C:\\Users\\sugam1001\\Desktop\\demo 5\\travel-portal\\src\\components\\custom\\ExploreMore.tsx": {"path":"C:\\Users\\sugam1001\\Desktop\\demo 5\\travel-portal\\src\\components\\custom\\ExploreMore.tsx","statementMap":{"0":{"start":{"line":44,"column":24},"end":{"line":93,"column":null}},"1":{"start":{"line":95,"column":19},"end":{"line":95,"column":null}},"2":{"start":{"line":98,"column":42},"end":{"line":98,"column":null}},"3":{"start":{"line":99,"column":38},"end":{"line":99,"column":null}},"4":{"start":{"line":100,"column":38},"end":{"line":100,"column":null}},"5":{"start":{"line":103,"column":2},"end":{"line":108,"column":null}},"6":{"start":{"line":104,"column":4},"end":{"line":107,"column":null}},"7":{"start":{"line":105,"column":18},"end":{"line":105,"column":null}},"8":{"start":{"line":106,"column":6},"end":{"line":106,"column":null}},"9":{"start":{"line":110,"column":31},"end":{"line":110,"column":null}},"10":{"start":{"line":110,"column":64},"end":{"line":110,"column":96}},"11":{"start":{"line":112,"column":25},"end":{"line":114,"column":null}},"12":{"start":{"line":113,"column":4},"end":{"line":113,"column":null}},"13":{"start":{"line":113,"column":30},"end":{"line":113,"column":77}},"14":{"start":{"line":116,"column":25},"end":{"line":118,"column":null}},"15":{"start":{"line":117,"column":4},"end":{"line":117,"column":null}},"16":{"start":{"line":117,"column":30},"end":{"line":117,"column":51}},"17":{"start":{"line":120,"column":2},"end":{"line":214,"column":null}},"18":{"start":{"line":130,"column":10},"end":{"line":143,"column":null}},"19":{"start":{"line":133,"column":14},"end":{"line":133,"column":null}},"20":{"start":{"line":134,"column":14},"end":{"line":134,"column":null}},"21":{"start":{"line":150,"column":10},"end":{"line":190,"column":null}},"22":{"start":{"line":165,"column":30},"end":{"line":165,"column":null}},"23":{"start":{"line":165,"column":57},"end":{"line":165,"column":88}}},"fnMap":{"0":{"name":"ExploreMore","decl":{"start":{"line":97,"column":16},"end":{"line":97,"column":30}},"loc":{"start":{"line":97,"column":30},"end":{"line":216,"column":null}},"line":97},"1":{"name":"(anonymous_1)","decl":{"start":{"line":103,"column":12},"end":{"line":103,"column":18}},"loc":{"start":{"line":103,"column":18},"end":{"line":108,"column":5}},"line":103},"2":{"name":"(anonymous_2)","decl":{"start":{"line":104,"column":28},"end":{"line":104,"column":29}},"loc":{"start":{"line":104,"column":38},"end":{"line":107,"column":5}},"line":104},"3":{"name":"(anonymous_3)","decl":{"start":{"line":110,"column":54},"end":{"line":110,"column":55}},"loc":{"start":{"line":110,"column":64},"end":{"line":110,"column":96}},"line":110},"4":{"name":"(anonymous_4)","decl":{"start":{"line":112,"column":25},"end":{"line":112,"column":31}},"loc":{"start":{"line":112,"column":31},"end":{"line":114,"column":null}},"line":112},"5":{"name":"(anonymous_5)","decl":{"start":{"line":113,"column":20},"end":{"line":113,"column":21}},"loc":{"start":{"line":113,"column":30},"end":{"line":113,"column":77}},"line":113},"6":{"name":"(anonymous_6)","decl":{"start":{"line":116,"column":25},"end":{"line":116,"column":31}},"loc":{"start":{"line":116,"column":31},"end":{"line":118,"column":null}},"line":116},"7":{"name":"(anonymous_7)","decl":{"start":{"line":117,"column":20},"end":{"line":117,"column":21}},"loc":{"start":{"line":117,"column":30},"end":{"line":117,"column":51}},"line":117},"8":{"name":"(anonymous_8)","decl":{"start":{"line":129,"column":24},"end":{"line":129,"column":25}},"loc":{"start":{"line":130,"column":10},"end":{"line":143,"column":null}},"line":130},"9":{"name":"(anonymous_9)","decl":{"start":{"line":132,"column":21},"end":{"line":132,"column":27}},"loc":{"start":{"line":132,"column":27},"end":{"line":135,"column":null}},"line":132},"10":{"name":"(anonymous_10)","decl":{"start":{"line":149,"column":57},"end":{"line":149,"column":58}},"loc":{"start":{"line":150,"column":10},"end":{"line":190,"column":null}},"line":150},"11":{"name":"(anonymous_11)","decl":{"start":{"line":165,"column":24},"end":{"line":165,"column":30}},"loc":{"start":{"line":165,"column":30},"end":{"line":165,"column":null}},"line":165},"12":{"name":"(anonymous_12)","decl":{"start":{"line":165,"column":46},"end":{"line":165,"column":47}},"loc":{"start":{"line":165,"column":57},"end":{"line":165,"column":88}},"line":165}},"branchMap":{"0":{"loc":{"start":{"line":137,"column":14},"end":{"line":139,"column":null}},"type":"cond-expr","locations":[{"start":{"line":138,"column":18},"end":{"line":138,"column":null}},{"start":{"line":139,"column":18},"end":{"line":139,"column":null}}],"line":137},"1":{"loc":{"start":{"line":156,"column":15},"end":{"line":157,"column":null}},"type":"binary-expr","locations":[{"start":{"line":156,"column":15},"end":{"line":156,"column":null}},{"start":{"line":157,"column":16},"end":{"line":157,"column":null}}],"line":156},"2":{"loc":{"start":{"line":167,"column":18},"end":{"line":167,"column":null}},"type":"cond-expr","locations":[{"start":{"line":167,"column":44},"end":{"line":167,"column":60}},{"start":{"line":167,"column":60},"end":{"line":167,"column":null}}],"line":167},"3":{"loc":{"start":{"line":196,"column":9},"end":{"line":202,"column":null}},"type":"binary-expr","locations":[{"start":{"line":196,"column":9},"end":{"line":196,"column":null}},{"start":{"line":197,"column":10},"end":{"line":202,"column":null}}],"line":196},"4":{"loc":{"start":{"line":205,"column":9},"end":{"line":211,"column":null}},"type":"binary-expr","locations":[{"start":{"line":205,"column":9},"end":{"line":205,"column":null}},{"start":{"line":206,"column":10},"end":{"line":211,"column":null}}],"line":205}},"s":{"0":1,"1":1,"2":8,"3":8,"4":8,"5":8,"6":5,"7":180,"8":180,"9":8,"10":288,"11":8,"12":1,"13":1,"14":8,"15":1,"16":1,"17":8,"18":56,"19":1,"20":1,"21":64,"22":0,"23":0},"f":{"0":8,"1":5,"2":180,"3":288,"4":1,"5":1,"6":1,"7":1,"8":56,"9":1,"10":64,"11":0,"12":0},"b":{"0":[8,48],"1":[64,64],"2":[0,64],"3":[8,6],"4":[8,1]},"meta":{"lastBranch":5,"lastFunction":13,"lastStatement":24,"seen":{"s:44:24:93:Infinity":0,"s:95:19:95:Infinity":1,"f:97:16:97:30":0,"s:98:42:98:Infinity":2,"s:99:38:99:Infinity":3,"s:100:38:100:Infinity":4,"s:103:2:108:Infinity":5,"f:103:12:103:18":1,"s:104:4:107:Infinity":6,"f:104:28:104:29":2,"s:105:18:105:Infinity":7,"s:106:6:106:Infinity":8,"s:110:31:110:Infinity":9,"f:110:54:110:55":3,"s:110:64:110:96":10,"s:112:25:114:Infinity":11,"f:112:25:112:31":4,"s:113:4:113:Infinity":12,"f:113:20:113:21":5,"s:113:30:113:77":13,"s:116:25:118:Infinity":14,"f:116:25:116:31":6,"s:117:4:117:Infinity":15,"f:117:20:117:21":7,"s:117:30:117:51":16,"s:120:2:214:Infinity":17,"f:129:24:129:25":8,"s:130:10:143:Infinity":18,"f:132:21:132:27":9,"s:133:14:133:Infinity":19,"s:134:14:134:Infinity":20,"b:138:18:138:Infinity:139:18:139:Infinity":0,"f:149:57:149:58":10,"s:150:10:190:Infinity":21,"b:156:15:156:Infinity:157:16:157:Infinity":1,"f:165:24:165:30":11,"s:165:30:165:Infinity":22,"f:165:46:165:47":12,"s:165:57:165:88":23,"b:167:44:167:60:167:60:167:Infinity":2,"b:196:9:196:Infinity:197:10:202:Infinity":3,"b:205:9:205:Infinity:206:10:211:Infinity":4}}}
,"C:\\Users\\sugam1001\\Desktop\\demo 5\\travel-portal\\src\\components\\custom\\Footer.tsx": {"path":"C:\\Users\\sugam1001\\Desktop\\demo 5\\travel-portal\\src\\components\\custom\\Footer.tsx","statementMap":{"0":{"start":{"line":5,"column":2},"end":{"line":56,"column":null}}},"fnMap":{"0":{"name":"Footer","decl":{"start":{"line":4,"column":16},"end":{"line":4,"column":25}},"loc":{"start":{"line":4,"column":25},"end":{"line":58,"column":null}},"line":4}},"branchMap":{},"s":{"0":6},"f":{"0":6},"b":{},"meta":{"lastBranch":0,"lastFunction":1,"lastStatement":1,"seen":{"f:4:16:4:25":0,"s:5:2:56:Infinity":0}}}
,"C:\\Users\\sugam1001\\Desktop\\demo 5\\travel-portal\\src\\components\\custom\\HeroSection.tsx": {"path":"C:\\Users\\sugam1001\\Desktop\\demo 5\\travel-portal\\src\\components\\custom\\HeroSection.tsx","statementMap":{"0":{"start":{"line":27,"column":8},"end":{"line":27,"column":null}},"1":{"start":{"line":28,"column":8},"end":{"line":28,"column":null}},"2":{"start":{"line":29,"column":34},"end":{"line":29,"column":null}},"3":{"start":{"line":32,"column":36},"end":{"line":32,"column":null}},"4":{"start":{"line":33,"column":36},"end":{"line":33,"column":null}},"5":{"start":{"line":34,"column":38},"end":{"line":34,"column":null}},"6":{"start":{"line":35,"column":24},"end":{"line":35,"column":null}},"7":{"start":{"line":37,"column":26},"end":{"line":37,"column":null}},"8":{"start":{"line":38,"column":30},"end":{"line":38,"column":null}},"9":{"start":{"line":40,"column":17},"end":{"line":40,"column":null}},"10":{"start":{"line":42,"column":22},"end":{"line":42,"column":null}},"11":{"start":{"line":43,"column":18},"end":{"line":43,"column":null}},"12":{"start":{"line":44,"column":34},"end":{"line":44,"column":null}},"13":{"start":{"line":45,"column":34},"end":{"line":45,"column":null}},"14":{"start":{"line":47,"column":46},"end":{"line":47,"column":null}},"15":{"start":{"line":50,"column":42},"end":{"line":50,"column":null}},"16":{"start":{"line":51,"column":38},"end":{"line":51,"column":null}},"17":{"start":{"line":52,"column":32},"end":{"line":52,"column":null}},"18":{"start":{"line":53,"column":38},"end":{"line":53,"column":null}},"19":{"start":{"line":55,"column":8},"end":{"line":55,"column":null}},"20":{"start":{"line":58,"column":2},"end":{"line":61,"column":null}},"21":{"start":{"line":59,"column":24},"end":{"line":59,"column":null}},"22":{"start":{"line":60,"column":4},"end":{"line":60,"column":null}},"23":{"start":{"line":60,"column":21},"end":{"line":60,"column":null}},"24":{"start":{"line":64,"column":2},"end":{"line":84,"column":null}},"25":{"start":{"line":65,"column":19},"end":{"line":65,"column":null}},"26":{"start":{"line":66,"column":29},"end":{"line":66,"column":null}},"27":{"start":{"line":67,"column":23},"end":{"line":67,"column":null}},"28":{"start":{"line":68,"column":24},"end":{"line":68,"column":null}},"29":{"start":{"line":69,"column":26},"end":{"line":69,"column":null}},"30":{"start":{"line":70,"column":25},"end":{"line":70,"column":null}},"31":{"start":{"line":71,"column":26},"end":{"line":71,"column":null}},"32":{"start":{"line":73,"column":4},"end":{"line":73,"column":null}},"33":{"start":{"line":73,"column":26},"end":{"line":73,"column":null}},"34":{"start":{"line":74,"column":4},"end":{"line":74,"column":null}},"35":{"start":{"line":74,"column":20},"end":{"line":74,"column":null}},"36":{"start":{"line":75,"column":4},"end":{"line":75,"column":null}},"37":{"start":{"line":75,"column":21},"end":{"line":75,"column":null}},"38":{"start":{"line":76,"column":4},"end":{"line":76,"column":null}},"39":{"start":{"line":76,"column":23},"end":{"line":76,"column":null}},"40":{"start":{"line":78,"column":4},"end":{"line":80,"column":null}},"41":{"start":{"line":79,"column":6},"end":{"line":79,"column":null}},"42":{"start":{"line":79,"column":12},"end":{"line":79,"column":52}},"43":{"start":{"line":79,"column":66},"end":{"line":79,"column":113}},"44":{"start":{"line":81,"column":4},"end":{"line":83,"column":null}},"45":{"start":{"line":82,"column":6},"end":{"line":82,"column":null}},"46":{"start":{"line":82,"column":12},"end":{"line":82,"column":54}},"47":{"start":{"line":82,"column":68},"end":{"line":82,"column":116}},"48":{"start":{"line":88,"column":31},"end":{"line":115,"column":null}},"49":{"start":{"line":89,"column":4},"end":{"line":92,"column":null}},"50":{"start":{"line":90,"column":6},"end":{"line":90,"column":null}},"51":{"start":{"line":91,"column":6},"end":{"line":91,"column":null}},"52":{"start":{"line":93,"column":4},"end":{"line":96,"column":null}},"53":{"start":{"line":94,"column":6},"end":{"line":94,"column":null}},"54":{"start":{"line":95,"column":6},"end":{"line":95,"column":null}},"55":{"start":{"line":97,"column":4},"end":{"line":100,"column":null}},"56":{"start":{"line":98,"column":6},"end":{"line":98,"column":null}},"57":{"start":{"line":99,"column":6},"end":{"line":99,"column":null}},"58":{"start":{"line":102,"column":4},"end":{"line":102,"column":null}},"59":{"start":{"line":103,"column":4},"end":{"line":103,"column":null}},"60":{"start":{"line":105,"column":18},"end":{"line":112,"column":null}},"61":{"start":{"line":114,"column":4},"end":{"line":114,"column":null}},"62":{"start":{"line":118,"column":29},"end":{"line":141,"column":null}},"63":{"start":{"line":119,"column":4},"end":{"line":122,"column":null}},"64":{"start":{"line":120,"column":6},"end":{"line":120,"column":null}},"65":{"start":{"line":121,"column":6},"end":{"line":121,"column":null}},"66":{"start":{"line":123,"column":4},"end":{"line":126,"column":null}},"67":{"start":{"line":124,"column":6},"end":{"line":124,"column":null}},"68":{"start":{"line":125,"column":6},"end":{"line":125,"column":null}},"69":{"start":{"line":127,"column":4},"end":{"line":130,"column":null}},"70":{"start":{"line":128,"column":6},"end":{"line":128,"column":null}},"71":{"start":{"line":129,"column":6},"end":{"line":129,"column":null}},"72":{"start":{"line":132,"column":29},"end":{"line":132,"column":null}},"73":{"start":{"line":133,"column":4},"end":{"line":133,"column":null}},"74":{"start":{"line":134,"column":4},"end":{"line":134,"column":null}},"75":{"start":{"line":136,"column":28},"end":{"line":136,"column":null}},"76":{"start":{"line":137,"column":16},"end":{"line":137,"column":null}},"77":{"start":{"line":138,"column":4},"end":{"line":138,"column":null}},"78":{"start":{"line":138,"column":20},"end":{"line":138,"column":null}},"79":{"start":{"line":139,"column":4},"end":{"line":139,"column":null}},"80":{"start":{"line":139,"column":20},"end":{"line":139,"column":null}},"81":{"start":{"line":140,"column":4},"end":{"line":140,"column":null}},"82":{"start":{"line":144,"column":30},"end":{"line":161,"column":null}},"83":{"start":{"line":145,"column":4},"end":{"line":148,"column":null}},"84":{"start":{"line":146,"column":6},"end":{"line":146,"column":null}},"85":{"start":{"line":147,"column":6},"end":{"line":147,"column":null}},"86":{"start":{"line":149,"column":26},"end":{"line":149,"column":null}},"87":{"start":{"line":150,"column":4},"end":{"line":150,"column":null}},"88":{"start":{"line":151,"column":4},"end":{"line":151,"column":null}},"89":{"start":{"line":153,"column":24},"end":{"line":158,"column":null}},"90":{"start":{"line":160,"column":4},"end":{"line":160,"column":null}},"91":{"start":{"line":163,"column":30},"end":{"line":163,"column":null}},"92":{"start":{"line":166,"column":8},"end":{"line":170,"column":null}},"93":{"start":{"line":172,"column":2},"end":{"line":632,"column":null}},"94":{"start":{"line":220,"column":39},"end":{"line":220,"column":null}},"95":{"start":{"line":248,"column":28},"end":{"line":248,"column":null}},"96":{"start":{"line":249,"column":28},"end":{"line":251,"column":null}},"97":{"start":{"line":250,"column":30},"end":{"line":250,"column":null}},"98":{"start":{"line":311,"column":152},"end":{"line":311,"column":186}},"99":{"start":{"line":313,"column":152},"end":{"line":313,"column":173}},"100":{"start":{"line":321,"column":152},"end":{"line":321,"column":188}},"101":{"start":{"line":323,"column":152},"end":{"line":323,"column":175}},"102":{"start":{"line":331,"column":152},"end":{"line":331,"column":192}},"103":{"start":{"line":333,"column":152},"end":{"line":333,"column":179}},"104":{"start":{"line":359,"column":41},"end":{"line":359,"column":null}},"105":{"start":{"line":373,"column":41},"end":{"line":373,"column":null}},"106":{"start":{"line":391,"column":39},"end":{"line":391,"column":null}},"107":{"start":{"line":405,"column":39},"end":{"line":405,"column":null}},"108":{"start":{"line":441,"column":28},"end":{"line":441,"column":null}},"109":{"start":{"line":442,"column":28},"end":{"line":444,"column":null}},"110":{"start":{"line":443,"column":30},"end":{"line":443,"column":null}},"111":{"start":{"line":512,"column":53},"end":{"line":512,"column":133}},"112":{"start":{"line":512,"column":82},"end":{"line":512,"column":130}},"113":{"start":{"line":516,"column":53},"end":{"line":516,"column":120}},"114":{"start":{"line":516,"column":82},"end":{"line":516,"column":117}},"115":{"start":{"line":526,"column":53},"end":{"line":526,"column":137}},"116":{"start":{"line":526,"column":82},"end":{"line":526,"column":134}},"117":{"start":{"line":530,"column":53},"end":{"line":530,"column":124}},"118":{"start":{"line":530,"column":82},"end":{"line":530,"column":121}},"119":{"start":{"line":565,"column":41},"end":{"line":565,"column":null}},"120":{"start":{"line":606,"column":95},"end":{"line":606,"column":137}},"121":{"start":{"line":608,"column":95},"end":{"line":608,"column":124}},"122":{"start":{"line":615,"column":95},"end":{"line":615,"column":143}},"123":{"start":{"line":617,"column":95},"end":{"line":617,"column":130}}},"fnMap":{"0":{"name":"HeroSection","decl":{"start":{"line":26,"column":16},"end":{"line":26,"column":30}},"loc":{"start":{"line":26,"column":30},"end":{"line":634,"column":null}},"line":26},"1":{"name":"(anonymous_1)","decl":{"start":{"line":58,"column":12},"end":{"line":58,"column":18}},"loc":{"start":{"line":58,"column":18},"end":{"line":61,"column":5}},"line":58},"2":{"name":"(anonymous_2)","decl":{"start":{"line":64,"column":12},"end":{"line":64,"column":18}},"loc":{"start":{"line":64,"column":18},"end":{"line":84,"column":5}},"line":64},"3":{"name":"(anonymous_3)","decl":{"start":{"line":88,"column":31},"end":{"line":88,"column":37}},"loc":{"start":{"line":88,"column":37},"end":{"line":115,"column":null}},"line":88},"4":{"name":"(anonymous_4)","decl":{"start":{"line":118,"column":29},"end":{"line":118,"column":35}},"loc":{"start":{"line":118,"column":35},"end":{"line":141,"column":null}},"line":118},"5":{"name":"(anonymous_5)","decl":{"start":{"line":144,"column":30},"end":{"line":144,"column":36}},"loc":{"start":{"line":144,"column":36},"end":{"line":161,"column":null}},"line":144},"6":{"name":"(anonymous_6)","decl":{"start":{"line":220,"column":32},"end":{"line":220,"column":33}},"loc":{"start":{"line":220,"column":39},"end":{"line":220,"column":null}},"line":220},"7":{"name":"(anonymous_7)","decl":{"start":{"line":247,"column":36},"end":{"line":247,"column":37}},"loc":{"start":{"line":247,"column":46},"end":{"line":252,"column":null}},"line":247},"8":{"name":"(anonymous_8)","decl":{"start":{"line":311,"column":146},"end":{"line":311,"column":152}},"loc":{"start":{"line":311,"column":152},"end":{"line":311,"column":186}},"line":311},"9":{"name":"(anonymous_9)","decl":{"start":{"line":313,"column":146},"end":{"line":313,"column":152}},"loc":{"start":{"line":313,"column":152},"end":{"line":313,"column":173}},"line":313},"10":{"name":"(anonymous_10)","decl":{"start":{"line":321,"column":146},"end":{"line":321,"column":152}},"loc":{"start":{"line":321,"column":152},"end":{"line":321,"column":188}},"line":321},"11":{"name":"(anonymous_11)","decl":{"start":{"line":323,"column":146},"end":{"line":323,"column":152}},"loc":{"start":{"line":323,"column":152},"end":{"line":323,"column":175}},"line":323},"12":{"name":"(anonymous_12)","decl":{"start":{"line":331,"column":146},"end":{"line":331,"column":152}},"loc":{"start":{"line":331,"column":152},"end":{"line":331,"column":192}},"line":331},"13":{"name":"(anonymous_13)","decl":{"start":{"line":333,"column":146},"end":{"line":333,"column":152}},"loc":{"start":{"line":333,"column":152},"end":{"line":333,"column":179}},"line":333},"14":{"name":"(anonymous_14)","decl":{"start":{"line":359,"column":34},"end":{"line":359,"column":35}},"loc":{"start":{"line":359,"column":41},"end":{"line":359,"column":null}},"line":359},"15":{"name":"(anonymous_15)","decl":{"start":{"line":373,"column":34},"end":{"line":373,"column":35}},"loc":{"start":{"line":373,"column":41},"end":{"line":373,"column":null}},"line":373},"16":{"name":"(anonymous_16)","decl":{"start":{"line":391,"column":33},"end":{"line":391,"column":39}},"loc":{"start":{"line":391,"column":39},"end":{"line":391,"column":null}},"line":391},"17":{"name":"(anonymous_17)","decl":{"start":{"line":405,"column":33},"end":{"line":405,"column":39}},"loc":{"start":{"line":405,"column":39},"end":{"line":405,"column":null}},"line":405},"18":{"name":"(anonymous_18)","decl":{"start":{"line":440,"column":36},"end":{"line":440,"column":37}},"loc":{"start":{"line":440,"column":46},"end":{"line":445,"column":null}},"line":440},"19":{"name":"(anonymous_19)","decl":{"start":{"line":512,"column":47},"end":{"line":512,"column":53}},"loc":{"start":{"line":512,"column":53},"end":{"line":512,"column":133}},"line":512},"20":{"name":"(anonymous_20)","decl":{"start":{"line":512,"column":73},"end":{"line":512,"column":82}},"loc":{"start":{"line":512,"column":82},"end":{"line":512,"column":130}},"line":512},"21":{"name":"(anonymous_21)","decl":{"start":{"line":516,"column":47},"end":{"line":516,"column":53}},"loc":{"start":{"line":516,"column":53},"end":{"line":516,"column":120}},"line":516},"22":{"name":"(anonymous_22)","decl":{"start":{"line":516,"column":73},"end":{"line":516,"column":82}},"loc":{"start":{"line":516,"column":82},"end":{"line":516,"column":117}},"line":516},"23":{"name":"(anonymous_23)","decl":{"start":{"line":526,"column":47},"end":{"line":526,"column":53}},"loc":{"start":{"line":526,"column":53},"end":{"line":526,"column":137}},"line":526},"24":{"name":"(anonymous_24)","decl":{"start":{"line":526,"column":73},"end":{"line":526,"column":82}},"loc":{"start":{"line":526,"column":82},"end":{"line":526,"column":134}},"line":526},"25":{"name":"(anonymous_25)","decl":{"start":{"line":530,"column":47},"end":{"line":530,"column":53}},"loc":{"start":{"line":530,"column":53},"end":{"line":530,"column":124}},"line":530},"26":{"name":"(anonymous_26)","decl":{"start":{"line":530,"column":73},"end":{"line":530,"column":82}},"loc":{"start":{"line":530,"column":82},"end":{"line":530,"column":121}},"line":530},"27":{"name":"(anonymous_27)","decl":{"start":{"line":565,"column":34},"end":{"line":565,"column":35}},"loc":{"start":{"line":565,"column":41},"end":{"line":565,"column":null}},"line":565},"28":{"name":"(anonymous_28)","decl":{"start":{"line":606,"column":89},"end":{"line":606,"column":95}},"loc":{"start":{"line":606,"column":95},"end":{"line":606,"column":137}},"line":606},"29":{"name":"(anonymous_29)","decl":{"start":{"line":608,"column":89},"end":{"line":608,"column":95}},"loc":{"start":{"line":608,"column":95},"end":{"line":608,"column":124}},"line":608},"30":{"name":"(anonymous_30)","decl":{"start":{"line":615,"column":89},"end":{"line":615,"column":95}},"loc":{"start":{"line":615,"column":95},"end":{"line":615,"column":143}},"line":615},"31":{"name":"(anonymous_31)","decl":{"start":{"line":617,"column":89},"end":{"line":617,"column":95}},"loc":{"start":{"line":617,"column":95},"end":{"line":617,"column":130}},"line":617}},"branchMap":{"0":{"loc":{"start":{"line":60,"column":4},"end":{"line":60,"column":null}},"type":"if","locations":[{"start":{"line":60,"column":4},"end":{"line":60,"column":null}},{"start":{},"end":{}}],"line":60},"1":{"loc":{"start":{"line":73,"column":4},"end":{"line":73,"column":null}},"type":"if","locations":[{"start":{"line":73,"column":4},"end":{"line":73,"column":null}},{"start":{},"end":{}}],"line":73},"2":{"loc":{"start":{"line":74,"column":4},"end":{"line":74,"column":null}},"type":"if","locations":[{"start":{"line":74,"column":4},"end":{"line":74,"column":null}},{"start":{},"end":{}}],"line":74},"3":{"loc":{"start":{"line":75,"column":4},"end":{"line":75,"column":null}},"type":"if","locations":[{"start":{"line":75,"column":4},"end":{"line":75,"column":null}},{"start":{},"end":{}}],"line":75},"4":{"loc":{"start":{"line":76,"column":4},"end":{"line":76,"column":null}},"type":"if","locations":[{"start":{"line":76,"column":4},"end":{"line":76,"column":null}},{"start":{},"end":{}}],"line":76},"5":{"loc":{"start":{"line":78,"column":4},"end":{"line":80,"column":null}},"type":"if","locations":[{"start":{"line":78,"column":4},"end":{"line":80,"column":null}},{"start":{},"end":{}}],"line":78},"6":{"loc":{"start":{"line":81,"column":4},"end":{"line":83,"column":null}},"type":"if","locations":[{"start":{"line":81,"column":4},"end":{"line":83,"column":null}},{"start":{},"end":{}}],"line":81},"7":{"loc":{"start":{"line":89,"column":4},"end":{"line":92,"column":null}},"type":"if","locations":[{"start":{"line":89,"column":4},"end":{"line":92,"column":null}},{"start":{},"end":{}}],"line":89},"8":{"loc":{"start":{"line":93,"column":4},"end":{"line":96,"column":null}},"type":"if","locations":[{"start":{"line":93,"column":4},"end":{"line":96,"column":null}},{"start":{},"end":{}}],"line":93},"9":{"loc":{"start":{"line":97,"column":4},"end":{"line":100,"column":null}},"type":"if","locations":[{"start":{"line":97,"column":4},"end":{"line":100,"column":null}},{"start":{},"end":{}}],"line":97},"10":{"loc":{"start":{"line":119,"column":4},"end":{"line":122,"column":null}},"type":"if","locations":[{"start":{"line":119,"column":4},"end":{"line":122,"column":null}},{"start":{},"end":{}}],"line":119},"11":{"loc":{"start":{"line":119,"column":8},"end":{"line":119,"column":22}},"type":"binary-expr","locations":[{"start":{"line":119,"column":8},"end":{"line":119,"column":17}},{"start":{"line":119,"column":17},"end":{"line":119,"column":22}}],"line":119},"12":{"loc":{"start":{"line":123,"column":4},"end":{"line":126,"column":null}},"type":"if","locations":[{"start":{"line":123,"column":4},"end":{"line":126,"column":null}},{"start":{},"end":{}}],"line":123},"13":{"loc":{"start":{"line":127,"column":4},"end":{"line":130,"column":null}},"type":"if","locations":[{"start":{"line":127,"column":4},"end":{"line":130,"column":null}},{"start":{},"end":{}}],"line":127},"14":{"loc":{"start":{"line":127,"column":8},"end":{"line":127,"column":49}},"type":"binary-expr","locations":[{"start":{"line":127,"column":8},"end":{"line":127,"column":36}},{"start":{"line":127,"column":36},"end":{"line":127,"column":49}}],"line":127},"15":{"loc":{"start":{"line":138,"column":4},"end":{"line":138,"column":null}},"type":"if","locations":[{"start":{"line":138,"column":4},"end":{"line":138,"column":null}},{"start":{},"end":{}}],"line":138},"16":{"loc":{"start":{"line":139,"column":4},"end":{"line":139,"column":null}},"type":"if","locations":[{"start":{"line":139,"column":4},"end":{"line":139,"column":null}},{"start":{},"end":{}}],"line":139},"17":{"loc":{"start":{"line":145,"column":4},"end":{"line":148,"column":null}},"type":"if","locations":[{"start":{"line":145,"column":4},"end":{"line":148,"column":null}},{"start":{},"end":{}}],"line":145},"18":{"loc":{"start":{"line":157,"column":13},"end":{"line":157,"column":null}},"type":"cond-expr","locations":[{"start":{"line":157,"column":28},"end":{"line":157,"column":57}},{"start":{"line":157,"column":57},"end":{"line":157,"column":null}}],"line":157},"19":{"loc":{"start":{"line":199,"column":17},"end":{"line":203,"column":null}},"type":"binary-expr","locations":[{"start":{"line":199,"column":17},"end":{"line":199,"column":null}},{"start":{"line":200,"column":18},"end":{"line":203,"column":null}}],"line":199},"20":{"loc":{"start":{"line":234,"column":28},"end":{"line":234,"column":null}},"type":"binary-expr","locations":[{"start":{"line":234,"column":28},"end":{"line":234,"column":44}},{"start":{"line":234,"column":44},"end":{"line":234,"column":null}}],"line":234},"21":{"loc":{"start":{"line":239,"column":29},"end":{"line":239,"column":null}},"type":"cond-expr","locations":[{"start":{"line":239,"column":29},"end":{"line":239,"column":80}},{"start":{"line":239,"column":80},"end":{"line":239,"column":null}}],"line":239},"22":{"loc":{"start":{"line":249,"column":28},"end":{"line":251,"column":null}},"type":"if","locations":[{"start":{"line":249,"column":28},"end":{"line":251,"column":null}},{"start":{},"end":{}}],"line":249},"23":{"loc":{"start":{"line":249,"column":32},"end":{"line":249,"column":78}},"type":"binary-expr","locations":[{"start":{"line":249,"column":32},"end":{"line":249,"column":40}},{"start":{"line":249,"column":40},"end":{"line":249,"column":56}},{"start":{"line":249,"column":56},"end":{"line":249,"column":78}}],"line":249},"24":{"loc":{"start":{"line":269,"column":30},"end":{"line":269,"column":null}},"type":"binary-expr","locations":[{"start":{"line":269,"column":30},"end":{"line":269,"column":47}},{"start":{"line":269,"column":47},"end":{"line":269,"column":null}}],"line":269},"25":{"loc":{"start":{"line":274,"column":31},"end":{"line":274,"column":null}},"type":"cond-expr","locations":[{"start":{"line":274,"column":31},"end":{"line":274,"column":84}},{"start":{"line":274,"column":84},"end":{"line":274,"column":null}}],"line":274},"26":{"loc":{"start":{"line":283,"column":46},"end":{"line":283,"column":104}},"type":"cond-expr","locations":[{"start":{"line":283,"column":46},"end":{"line":283,"column":86}},{"start":{"line":283,"column":82},"end":{"line":283,"column":104}}],"line":283},"27":{"loc":{"start":{"line":301,"column":68},"end":{"line":301,"column":89}},"type":"cond-expr","locations":[{"start":{"line":301,"column":81},"end":{"line":301,"column":87}},{"start":{"line":301,"column":87},"end":{"line":301,"column":89}}],"line":301},"28":{"loc":{"start":{"line":387,"column":26},"end":{"line":389,"column":null}},"type":"cond-expr","locations":[{"start":{"line":388,"column":30},"end":{"line":388,"column":null}},{"start":{"line":389,"column":30},"end":{"line":389,"column":null}}],"line":387},"29":{"loc":{"start":{"line":401,"column":26},"end":{"line":403,"column":null}},"type":"cond-expr","locations":[{"start":{"line":402,"column":30},"end":{"line":402,"column":null}},{"start":{"line":403,"column":30},"end":{"line":403,"column":null}}],"line":401},"30":{"loc":{"start":{"line":423,"column":28},"end":{"line":423,"column":null}},"type":"binary-expr","locations":[{"start":{"line":423,"column":28},"end":{"line":423,"column":43}},{"start":{"line":423,"column":43},"end":{"line":423,"column":null}}],"line":423},"31":{"loc":{"start":{"line":428,"column":29},"end":{"line":431,"column":null}},"type":"cond-expr","locations":[{"start":{"line":428,"column":29},"end":{"line":429,"column":null}},{"start":{"line":431,"column":30},"end":{"line":431,"column":null}}],"line":428},"32":{"loc":{"start":{"line":442,"column":28},"end":{"line":444,"column":null}},"type":"if","locations":[{"start":{"line":442,"column":28},"end":{"line":444,"column":null}},{"start":{},"end":{}}],"line":442},"33":{"loc":{"start":{"line":442,"column":32},"end":{"line":442,"column":102}},"type":"binary-expr","locations":[{"start":{"line":442,"column":32},"end":{"line":442,"column":60}},{"start":{"line":442,"column":60},"end":{"line":442,"column":68}},{"start":{"line":442,"column":68},"end":{"line":442,"column":82}},{"start":{"line":442,"column":82},"end":{"line":442,"column":102}}],"line":442},"34":{"loc":{"start":{"line":454,"column":19},"end":{"line":486,"column":null}},"type":"binary-expr","locations":[{"start":{"line":454,"column":19},"end":{"line":454,"column":null}},{"start":{"line":455,"column":20},"end":{"line":486,"column":null}}],"line":454},"35":{"loc":{"start":{"line":463,"column":30},"end":{"line":463,"column":null}},"type":"binary-expr","locations":[{"start":{"line":463,"column":30},"end":{"line":463,"column":45}},{"start":{"line":463,"column":45},"end":{"line":463,"column":null}}],"line":463},"36":{"loc":{"start":{"line":468,"column":31},"end":{"line":471,"column":null}},"type":"cond-expr","locations":[{"start":{"line":468,"column":31},"end":{"line":469,"column":null}},{"start":{"line":471,"column":32},"end":{"line":471,"column":null}}],"line":468},"37":{"loc":{"start":{"line":481,"column":48},"end":{"line":481,"column":104}},"type":"cond-expr","locations":[{"start":{"line":481,"column":48},"end":{"line":481,"column":86}},{"start":{"line":481,"column":82},"end":{"line":481,"column":104}}],"line":481},"38":{"loc":{"start":{"line":501,"column":30},"end":{"line":501,"column":null}},"type":"cond-expr","locations":[{"start":{"line":501,"column":88},"end":{"line":501,"column":94}},{"start":{"line":501,"column":94},"end":{"line":501,"column":null}}],"line":501},"39":{"loc":{"start":{"line":578,"column":28},"end":{"line":578,"column":null}},"type":"binary-expr","locations":[{"start":{"line":578,"column":28},"end":{"line":578,"column":45}},{"start":{"line":578,"column":45},"end":{"line":578,"column":null}}],"line":578},"40":{"loc":{"start":{"line":583,"column":29},"end":{"line":586,"column":null}},"type":"cond-expr","locations":[{"start":{"line":583,"column":29},"end":{"line":584,"column":null}},{"start":{"line":586,"column":30},"end":{"line":586,"column":null}}],"line":583}},"s":{"0":4,"1":4,"2":4,"3":4,"4":4,"5":4,"6":4,"7":4,"8":4,"9":4,"10":4,"11":4,"12":4,"13":4,"14":4,"15":4,"16":4,"17":4,"18":4,"19":4,"20":4,"21":3,"22":3,"23":0,"24":4,"25":3,"26":3,"27":3,"28":3,"29":3,"30":3,"31":3,"32":3,"33":0,"34":3,"35":0,"36":3,"37":0,"38":3,"39":0,"40":3,"41":0,"42":0,"43":0,"44":3,"45":0,"46":0,"47":0,"48":4,"49":2,"50":1,"51":1,"52":1,"53":1,"54":1,"55":0,"56":0,"57":0,"58":0,"59":0,"60":0,"61":0,"62":4,"63":0,"64":0,"65":0,"66":0,"67":0,"68":0,"69":0,"70":0,"71":0,"72":0,"73":0,"74":0,"75":0,"76":0,"77":0,"78":0,"79":0,"80":0,"81":0,"82":4,"83":0,"84":0,"85":0,"86":0,"87":0,"88":0,"89":0,"90":0,"91":4,"92":4,"93":4,"94":1,"95":0,"96":0,"97":0,"98":0,"99":0,"100":0,"101":0,"102":0,"103":0,"104":0,"105":0,"106":0,"107":0,"108":0,"109":0,"110":0,"111":0,"112":0,"113":0,"114":0,"115":0,"116":0,"117":0,"118":0,"119":0,"120":0,"121":0,"122":0,"123":0},"f":{"0":4,"1":3,"2":3,"3":2,"4":0,"5":0,"6":1,"7":0,"8":0,"9":0,"10":0,"11":0,"12":0,"13":0,"14":0,"15":0,"16":0,"17":0,"18":0,"19":0,"20":0,"21":0,"22":0,"23":0,"24":0,"25":0,"26":0,"27":0,"28":0,"29":0,"30":0,"31":0},"b":{"0":[0,3],"1":[0,3],"2":[0,3],"3":[0,3],"4":[0,3],"5":[0,3],"6":[0,3],"7":[1,1],"8":[1,0],"9":[0,0],"10":[0,0],"11":[0,0],"12":[0,0],"13":[0,0],"14":[0,0],"15":[0,0],"16":[0,0],"17":[0,0],"18":[0,0],"19":[4,0],"20":[4,4],"21":[0,4],"22":[0,0],"23":[0,0,0],"24":[4,4],"25":[0,4],"26":[0,4],"27":[0,4],"28":[4,0],"29":[0,4],"30":[4,4],"31":[0,4],"32":[0,0],"33":[0,0,0,0],"34":[4,0],"35":[0,0],"36":[0,0],"37":[0,0],"38":[0,4],"39":[4,4],"40":[0,4]},"meta":{"lastBranch":41,"lastFunction":32,"lastStatement":124,"seen":{"f:26:16:26:30":0,"s:27:8:27:Infinity":0,"s:28:8:28:Infinity":1,"s:29:34:29:Infinity":2,"s:32:36:32:Infinity":3,"s:33:36:33:Infinity":4,"s:34:38:34:Infinity":5,"s:35:24:35:Infinity":6,"s:37:26:37:Infinity":7,"s:38:30:38:Infinity":8,"s:40:17:40:Infinity":9,"s:42:22:42:Infinity":10,"s:43:18:43:Infinity":11,"s:44:34:44:Infinity":12,"s:45:34:45:Infinity":13,"s:47:46:47:Infinity":14,"s:50:42:50:Infinity":15,"s:51:38:51:Infinity":16,"s:52:32:52:Infinity":17,"s:53:38:53:Infinity":18,"s:55:8:55:Infinity":19,"s:58:2:61:Infinity":20,"f:58:12:58:18":1,"s:59:24:59:Infinity":21,"b:60:4:60:Infinity:undefined:undefined:undefined:undefined":0,"s:60:4:60:Infinity":22,"s:60:21:60:Infinity":23,"s:64:2:84:Infinity":24,"f:64:12:64:18":2,"s:65:19:65:Infinity":25,"s:66:29:66:Infinity":26,"s:67:23:67:Infinity":27,"s:68:24:68:Infinity":28,"s:69:26:69:Infinity":29,"s:70:25:70:Infinity":30,"s:71:26:71:Infinity":31,"b:73:4:73:Infinity:undefined:undefined:undefined:undefined":1,"s:73:4:73:Infinity":32,"s:73:26:73:Infinity":33,"b:74:4:74:Infinity:undefined:undefined:undefined:undefined":2,"s:74:4:74:Infinity":34,"s:74:20:74:Infinity":35,"b:75:4:75:Infinity:undefined:undefined:undefined:undefined":3,"s:75:4:75:Infinity":36,"s:75:21:75:Infinity":37,"b:76:4:76:Infinity:undefined:undefined:undefined:undefined":4,"s:76:4:76:Infinity":38,"s:76:23:76:Infinity":39,"b:78:4:80:Infinity:undefined:undefined:undefined:undefined":5,"s:78:4:80:Infinity":40,"s:79:6:79:Infinity":41,"s:79:12:79:52":42,"s:79:66:79:113":43,"b:81:4:83:Infinity:undefined:undefined:undefined:undefined":6,"s:81:4:83:Infinity":44,"s:82:6:82:Infinity":45,"s:82:12:82:54":46,"s:82:68:82:116":47,"s:88:31:115:Infinity":48,"f:88:31:88:37":3,"b:89:4:92:Infinity:undefined:undefined:undefined:undefined":7,"s:89:4:92:Infinity":49,"s:90:6:90:Infinity":50,"s:91:6:91:Infinity":51,"b:93:4:96:Infinity:undefined:undefined:undefined:undefined":8,"s:93:4:96:Infinity":52,"s:94:6:94:Infinity":53,"s:95:6:95:Infinity":54,"b:97:4:100:Infinity:undefined:undefined:undefined:undefined":9,"s:97:4:100:Infinity":55,"s:98:6:98:Infinity":56,"s:99:6:99:Infinity":57,"s:102:4:102:Infinity":58,"s:103:4:103:Infinity":59,"s:105:18:112:Infinity":60,"s:114:4:114:Infinity":61,"s:118:29:141:Infinity":62,"f:118:29:118:35":4,"b:119:4:122:Infinity:undefined:undefined:undefined:undefined":10,"s:119:4:122:Infinity":63,"b:119:8:119:17:119:17:119:22":11,"s:120:6:120:Infinity":64,"s:121:6:121:Infinity":65,"b:123:4:126:Infinity:undefined:undefined:undefined:undefined":12,"s:123:4:126:Infinity":66,"s:124:6:124:Infinity":67,"s:125:6:125:Infinity":68,"b:127:4:130:Infinity:undefined:undefined:undefined:undefined":13,"s:127:4:130:Infinity":69,"b:127:8:127:36:127:36:127:49":14,"s:128:6:128:Infinity":70,"s:129:6:129:Infinity":71,"s:132:29:132:Infinity":72,"s:133:4:133:Infinity":73,"s:134:4:134:Infinity":74,"s:136:28:136:Infinity":75,"s:137:16:137:Infinity":76,"b:138:4:138:Infinity:undefined:undefined:undefined:undefined":15,"s:138:4:138:Infinity":77,"s:138:20:138:Infinity":78,"b:139:4:139:Infinity:undefined:undefined:undefined:undefined":16,"s:139:4:139:Infinity":79,"s:139:20:139:Infinity":80,"s:140:4:140:Infinity":81,"s:144:30:161:Infinity":82,"f:144:30:144:36":5,"b:145:4:148:Infinity:undefined:undefined:undefined:undefined":17,"s:145:4:148:Infinity":83,"s:146:6:146:Infinity":84,"s:147:6:147:Infinity":85,"s:149:26:149:Infinity":86,"s:150:4:150:Infinity":87,"s:151:4:151:Infinity":88,"s:153:24:158:Infinity":89,"b:157:28:157:57:157:57:157:Infinity":18,"s:160:4:160:Infinity":90,"s:163:30:163:Infinity":91,"s:166:8:170:Infinity":92,"s:172:2:632:Infinity":93,"b:199:17:199:Infinity:200:18:203:Infinity":19,"f:220:32:220:33":6,"s:220:39:220:Infinity":94,"b:234:28:234:44:234:44:234:Infinity":20,"b:239:29:239:80:239:80:239:Infinity":21,"f:247:36:247:37":7,"s:248:28:248:Infinity":95,"b:249:28:251:Infinity:undefined:undefined:undefined:undefined":22,"s:249:28:251:Infinity":96,"b:249:32:249:40:249:40:249:56:249:56:249:78":23,"s:250:30:250:Infinity":97,"b:269:30:269:47:269:47:269:Infinity":24,"b:274:31:274:84:274:84:274:Infinity":25,"b:283:46:283:86:283:82:283:104":26,"b:301:81:301:87:301:87:301:89":27,"f:311:146:311:152":8,"s:311:152:311:186":98,"f:313:146:313:152":9,"s:313:152:313:173":99,"f:321:146:321:152":10,"s:321:152:321:188":100,"f:323:146:323:152":11,"s:323:152:323:175":101,"f:331:146:331:152":12,"s:331:152:331:192":102,"f:333:146:333:152":13,"s:333:152:333:179":103,"f:359:34:359:35":14,"s:359:41:359:Infinity":104,"f:373:34:373:35":15,"s:373:41:373:Infinity":105,"b:388:30:388:Infinity:389:30:389:Infinity":28,"f:391:33:391:39":16,"s:391:39:391:Infinity":106,"b:402:30:402:Infinity:403:30:403:Infinity":29,"f:405:33:405:39":17,"s:405:39:405:Infinity":107,"b:423:28:423:43:423:43:423:Infinity":30,"b:428:29:429:Infinity:431:30:431:Infinity":31,"f:440:36:440:37":18,"s:441:28:441:Infinity":108,"b:442:28:444:Infinity:undefined:undefined:undefined:undefined":32,"s:442:28:444:Infinity":109,"b:442:32:442:60:442:60:442:68:442:68:442:82:442:82:442:102":33,"s:443:30:443:Infinity":110,"b:454:19:454:Infinity:455:20:486:Infinity":34,"b:463:30:463:45:463:45:463:Infinity":35,"b:468:31:469:Infinity:471:32:471:Infinity":36,"b:481:48:481:86:481:82:481:104":37,"b:501:88:501:94:501:94:501:Infinity":38,"f:512:47:512:53":19,"s:512:53:512:133":111,"f:512:73:512:82":20,"s:512:82:512:130":112,"f:516:47:516:53":21,"s:516:53:516:120":113,"f:516:73:516:82":22,"s:516:82:516:117":114,"f:526:47:526:53":23,"s:526:53:526:137":115,"f:526:73:526:82":24,"s:526:82:526:134":116,"f:530:47:530:53":25,"s:530:53:530:124":117,"f:530:73:530:82":26,"s:530:82:530:121":118,"f:565:34:565:35":27,"s:565:41:565:Infinity":119,"b:578:28:578:45:578:45:578:Infinity":39,"b:583:29:584:Infinity:586:30:586:Infinity":40,"f:606:89:606:95":28,"s:606:95:606:137":120,"f:608:89:608:95":29,"s:608:95:608:124":121,"f:615:89:615:95":30,"s:615:95:615:143":122,"f:617:89:617:95":31,"s:617:95:617:130":123}}}
,"C:\\Users\\sugam1001\\Desktop\\demo 5\\travel-portal\\src\\components\\custom\\Navbar.tsx": {"path":"C:\\Users\\sugam1001\\Desktop\\demo 5\\travel-portal\\src\\components\\custom\\Navbar.tsx","statementMap":{"0":{"start":{"line":23,"column":15},"end":{"line":23,"column":null}},"1":{"start":{"line":24,"column":32},"end":{"line":24,"column":null}},"2":{"start":{"line":25,"column":21},"end":{"line":25,"column":null}},"3":{"start":{"line":26,"column":8},"end":{"line":26,"column":null}},"4":{"start":{"line":29,"column":32},"end":{"line":29,"column":null}},"5":{"start":{"line":30,"column":22},"end":{"line":30,"column":null}},"6":{"start":{"line":33,"column":20},"end":{"line":33,"column":null}},"7":{"start":{"line":34,"column":22},"end":{"line":34,"column":null}},"8":{"start":{"line":36,"column":19},"end":{"line":41,"column":null}},"9":{"start":{"line":43,"column":2},"end":{"line":115,"column":null}},"10":{"start":{"line":59,"column":14},"end":{"line":67,"column":null}},"11":{"start":{"line":78,"column":14},"end":{"line":78,"column":null}},"12":{"start":{"line":101,"column":31},"end":{"line":101,"column":null}},"13":{"start":{"line":107,"column":31},"end":{"line":107,"column":null}}},"fnMap":{"0":{"name":"Navbar","decl":{"start":{"line":22,"column":16},"end":{"line":22,"column":25}},"loc":{"start":{"line":22,"column":25},"end":{"line":117,"column":null}},"line":22},"1":{"name":"(anonymous_1)","decl":{"start":{"line":58,"column":26},"end":{"line":58,"column":27}},"loc":{"start":{"line":59,"column":14},"end":{"line":67,"column":null}},"line":59},"2":{"name":"(anonymous_2)","decl":{"start":{"line":77,"column":27},"end":{"line":77,"column":28}},"loc":{"start":{"line":78,"column":14},"end":{"line":78,"column":null}},"line":78},"3":{"name":"(anonymous_3)","decl":{"start":{"line":101,"column":25},"end":{"line":101,"column":31}},"loc":{"start":{"line":101,"column":31},"end":{"line":101,"column":null}},"line":101},"4":{"name":"(anonymous_4)","decl":{"start":{"line":107,"column":25},"end":{"line":107,"column":31}},"loc":{"start":{"line":107,"column":31},"end":{"line":107,"column":null}},"line":107}},"branchMap":{"0":{"loc":{"start":{"line":33,"column":20},"end":{"line":33,"column":null}},"type":"cond-expr","locations":[{"start":{"line":33,"column":34},"end":{"line":33,"column":52}},{"start":{"line":33,"column":52},"end":{"line":33,"column":null}}],"line":33},"1":{"loc":{"start":{"line":34,"column":22},"end":{"line":34,"column":null}},"type":"cond-expr","locations":[{"start":{"line":34,"column":36},"end":{"line":34,"column":56}},{"start":{"line":34,"column":56},"end":{"line":34,"column":null}}],"line":34},"2":{"loc":{"start":{"line":94,"column":11},"end":{"line":111,"column":null}},"type":"cond-expr","locations":[{"start":{"line":95,"column":12},"end":{"line":95,"column":null}},{"start":{"line":97,"column":12},"end":{"line":111,"column":null}}],"line":94}},"s":{"0":6,"1":6,"2":6,"3":6,"4":6,"5":6,"6":6,"7":6,"8":6,"9":6,"10":24,"11":0,"12":0,"13":0},"f":{"0":6,"1":24,"2":0,"3":0,"4":0},"b":{"0":[0,6],"1":[0,6],"2":[1,5]},"meta":{"lastBranch":3,"lastFunction":5,"lastStatement":14,"seen":{"f:22:16:22:25":0,"s:23:15:23:Infinity":0,"s:24:32:24:Infinity":1,"s:25:21:25:Infinity":2,"s:26:8:26:Infinity":3,"s:29:32:29:Infinity":4,"s:30:22:30:Infinity":5,"s:33:20:33:Infinity":6,"b:33:34:33:52:33:52:33:Infinity":0,"s:34:22:34:Infinity":7,"b:34:36:34:56:34:56:34:Infinity":1,"s:36:19:41:Infinity":8,"s:43:2:115:Infinity":9,"f:58:26:58:27":1,"s:59:14:67:Infinity":10,"f:77:27:77:28":2,"s:78:14:78:Infinity":11,"b:95:12:95:Infinity:97:12:111:Infinity":2,"f:101:25:101:31":3,"s:101:31:101:Infinity":12,"f:107:25:107:31":4,"s:107:31:107:Infinity":13}}}
,"C:\\Users\\sugam1001\\Desktop\\demo 5\\travel-portal\\src\\components\\custom\\PopularPlace.tsx": {"path":"C:\\Users\\sugam1001\\Desktop\\demo 5\\travel-portal\\src\\components\\custom\\PopularPlace.tsx","statementMap":{"0":{"start":{"line":11,"column":15},"end":{"line":40,"column":null}},"1":{"start":{"line":43,"column":2},"end":{"line":82,"column":null}},"2":{"start":{"line":57,"column":10},"end":{"line":79,"column":null}}},"fnMap":{"0":{"name":"PopularPlace","decl":{"start":{"line":42,"column":16},"end":{"line":42,"column":31}},"loc":{"start":{"line":42,"column":31},"end":{"line":84,"column":null}},"line":42},"1":{"name":"(anonymous_1)","decl":{"start":{"line":56,"column":20},"end":{"line":56,"column":21}},"loc":{"start":{"line":57,"column":10},"end":{"line":79,"column":null}},"line":57}},"branchMap":{},"s":{"0":1,"1":6,"2":24},"f":{"0":6,"1":24},"b":{},"meta":{"lastBranch":0,"lastFunction":2,"lastStatement":3,"seen":{"s:11:15:40:Infinity":0,"f:42:16:42:31":0,"s:43:2:82:Infinity":1,"f:56:20:56:21":1,"s:57:10:79:Infinity":2}}}
,"C:\\Users\\sugam1001\\Desktop\\demo 5\\travel-portal\\src\\components\\custom\\SweetMemories.tsx": {"path":"C:\\Users\\sugam1001\\Desktop\\demo 5\\travel-portal\\src\\components\\custom\\SweetMemories.tsx","statementMap":{"0":{"start":{"line":7,"column":2},"end":{"line":17,"column":null}},"1":{"start":{"line":22,"column":2},"end":{"line":64,"column":null}}},"fnMap":{"0":{"name":"TestimonialCard","decl":{"start":{"line":6,"column":9},"end":{"line":6,"column":25}},"loc":{"start":{"line":6,"column":129},"end":{"line":19,"column":null}},"line":6},"1":{"name":"SweetMemories","decl":{"start":{"line":21,"column":16},"end":{"line":21,"column":32}},"loc":{"start":{"line":21,"column":32},"end":{"line":66,"column":null}},"line":21}},"branchMap":{},"s":{"0":15,"1":5},"f":{"0":15,"1":5},"b":{},"meta":{"lastBranch":0,"lastFunction":2,"lastStatement":2,"seen":{"f:6:9:6:25":0,"s:7:2:17:Infinity":0,"f:21:16:21:32":1,"s:22:2:64:Infinity":1}}}
,"C:\\Users\\sugam1001\\Desktop\\demo 5\\travel-portal\\src\\components\\custom\\UserProfile.tsx": {"path":"C:\\Users\\sugam1001\\Desktop\\demo 5\\travel-portal\\src\\components\\custom\\UserProfile.tsx","statementMap":{"0":{"start":{"line":16,"column":23},"end":{"line":16,"column":null}},"1":{"start":{"line":17,"column":22},"end":{"line":17,"column":null}},"2":{"start":{"line":19,"column":2},"end":{"line":71,"column":null}}},"fnMap":{"0":{"name":"UserProfile","decl":{"start":{"line":15,"column":16},"end":{"line":15,"column":30}},"loc":{"start":{"line":15,"column":30},"end":{"line":73,"column":null}},"line":15}},"branchMap":{"0":{"loc":{"start":{"line":17,"column":22},"end":{"line":17,"column":null}},"type":"cond-expr","locations":[{"start":{"line":17,"column":35},"end":{"line":17,"column":71}},{"start":{"line":17,"column":71},"end":{"line":17,"column":null}}],"line":17}},"s":{"0":6,"1":6,"2":6},"f":{"0":6},"b":{"0":[5,1]},"meta":{"lastBranch":1,"lastFunction":1,"lastStatement":3,"seen":{"f:15:16:15:30":0,"s:16:23:16:Infinity":0,"s:17:22:17:Infinity":1,"b:17:35:17:71:17:71:17:Infinity":0,"s:19:2:71:Infinity":2}}}
,"C:\\Users\\sugam1001\\Desktop\\demo 5\\travel-portal\\src\\components\\ui\\avatar.tsx": {"path":"C:\\Users\\sugam1001\\Desktop\\demo 5\\travel-portal\\src\\components\\ui\\avatar.tsx","statementMap":{"0":{"start":{"line":10,"column":2},"end":{"line":18,"column":null}},"1":{"start":{"line":26,"column":2},"end":{"line":31,"column":null}},"2":{"start":{"line":39,"column":2},"end":{"line":47,"column":null}}},"fnMap":{"0":{"name":"Avatar","decl":{"start":{"line":6,"column":9},"end":{"line":6,"column":16}},"loc":{"start":{"line":9,"column":54},"end":{"line":20,"column":null}},"line":9},"1":{"name":"AvatarImage","decl":{"start":{"line":22,"column":9},"end":{"line":22,"column":21}},"loc":{"start":{"line":25,"column":55},"end":{"line":33,"column":null}},"line":25},"2":{"name":"AvatarFallback","decl":{"start":{"line":35,"column":9},"end":{"line":35,"column":24}},"loc":{"start":{"line":38,"column":58},"end":{"line":49,"column":null}},"line":38}},"branchMap":{},"s":{"0":6,"1":6,"2":6},"f":{"0":6,"1":6,"2":6},"b":{},"meta":{"lastBranch":0,"lastFunction":3,"lastStatement":3,"seen":{"f:6:9:6:16":0,"s:10:2:18:Infinity":0,"f:22:9:22:21":1,"s:26:2:31:Infinity":1,"f:35:9:35:24":2,"s:39:2:47:Infinity":2}}}
,"C:\\Users\\sugam1001\\Desktop\\demo 5\\travel-portal\\src\\components\\ui\\badge.tsx": {"path":"C:\\Users\\sugam1001\\Desktop\\demo 5\\travel-portal\\src\\components\\ui\\badge.tsx","statementMap":{"0":{"start":{"line":7,"column":6},"end":{"line":26,"column":null}},"1":{"start":{"line":35,"column":15},"end":{"line":35,"column":null}},"2":{"start":{"line":37,"column":2},"end":{"line":42,"column":null}}},"fnMap":{"0":{"name":"Badge","decl":{"start":{"line":28,"column":9},"end":{"line":28,"column":15}},"loc":{"start":{"line":34,"column":62},"end":{"line":44,"column":null}},"line":34}},"branchMap":{"0":{"loc":{"start":{"line":31,"column":2},"end":{"line":31,"column":null}},"type":"default-arg","locations":[{"start":{"line":31,"column":12},"end":{"line":31,"column":null}}],"line":31},"1":{"loc":{"start":{"line":35,"column":15},"end":{"line":35,"column":null}},"type":"cond-expr","locations":[{"start":{"line":35,"column":25},"end":{"line":35,"column":32}},{"start":{"line":35,"column":32},"end":{"line":35,"column":null}}],"line":35}},"s":{"0":2,"1":88,"2":88},"f":{"0":88},"b":{"0":[88],"1":[0,88]},"meta":{"lastBranch":2,"lastFunction":1,"lastStatement":3,"seen":{"s:7:6:26:Infinity":0,"f:28:9:28:15":0,"b:31:12:31:Infinity":0,"s:35:15:35:Infinity":1,"b:35:25:35:32:35:32:35:Infinity":1,"s:37:2:42:Infinity":2}}}
,"C:\\Users\\sugam1001\\Desktop\\demo 5\\travel-portal\\src\\components\\ui\\button.tsx": {"path":"C:\\Users\\sugam1001\\Desktop\\demo 5\\travel-portal\\src\\components\\ui\\button.tsx","statementMap":{"0":{"start":{"line":7,"column":6},"end":{"line":35,"column":null}},"1":{"start":{"line":47,"column":15},"end":{"line":47,"column":null}},"2":{"start":{"line":49,"column":2},"end":{"line":54,"column":null}}},"fnMap":{"0":{"name":"Button","decl":{"start":{"line":37,"column":9},"end":{"line":37,"column":16}},"loc":{"start":{"line":46,"column":5},"end":{"line":56,"column":null}},"line":46}},"branchMap":{"0":{"loc":{"start":{"line":41,"column":2},"end":{"line":41,"column":null}},"type":"default-arg","locations":[{"start":{"line":41,"column":12},"end":{"line":41,"column":null}}],"line":41},"1":{"loc":{"start":{"line":47,"column":15},"end":{"line":47,"column":null}},"type":"cond-expr","locations":[{"start":{"line":47,"column":25},"end":{"line":47,"column":32}},{"start":{"line":47,"column":32},"end":{"line":47,"column":null}}],"line":47}},"s":{"0":7,"1":105,"2":105},"f":{"0":105},"b":{"0":[105],"1":[0,105]},"meta":{"lastBranch":2,"lastFunction":1,"lastStatement":3,"seen":{"s:7:6:35:Infinity":0,"f:37:9:37:16":0,"b:41:12:41:Infinity":0,"s:47:15:47:Infinity":1,"b:47:25:47:32:47:32:47:Infinity":1,"s:49:2:54:Infinity":2}}}
,"C:\\Users\\sugam1001\\Desktop\\demo 5\\travel-portal\\src\\components\\ui\\calendar.tsx": {"path":"C:\\Users\\sugam1001\\Desktop\\demo 5\\travel-portal\\src\\components\\ui\\calendar.tsx","statementMap":{"0":{"start":{"line":24,"column":8},"end":{"line":24,"column":null}},"1":{"start":{"line":26,"column":2},"end":{"line":169,"column":null}},"2":{"start":{"line":38,"column":10},"end":{"line":38,"column":null}},"3":{"start":{"line":127,"column":10},"end":{"line":133,"column":null}},"4":{"start":{"line":137,"column":10},"end":{"line":141,"column":null}},"5":{"start":{"line":138,"column":12},"end":{"line":139,"column":null}},"6":{"start":{"line":143,"column":10},"end":{"line":150,"column":null}},"7":{"start":{"line":144,"column":12},"end":{"line":148,"column":null}},"8":{"start":{"line":152,"column":10},"end":{"line":153,"column":null}},"9":{"start":{"line":158,"column":10},"end":{"line":163,"column":null}},"10":{"start":{"line":179,"column":8},"end":{"line":179,"column":null}},"11":{"start":{"line":181,"column":14},"end":{"line":181,"column":null}},"12":{"start":{"line":182,"column":2},"end":{"line":184,"column":null}},"13":{"start":{"line":183,"column":4},"end":{"line":183,"column":null}},"14":{"start":{"line":183,"column":27},"end":{"line":183,"column":null}},"15":{"start":{"line":186,"column":2},"end":{"line":207,"column":null}}},"fnMap":{"0":{"name":"Calendar","decl":{"start":{"line":12,"column":9},"end":{"line":12,"column":18}},"loc":{"start":{"line":23,"column":3},"end":{"line":171,"column":null}},"line":23},"1":{"name":"(anonymous_1)","decl":{"start":{"line":37,"column":29},"end":{"line":37,"column":30}},"loc":{"start":{"line":38,"column":10},"end":{"line":38,"column":null}},"line":38},"2":{"name":"(anonymous_2)","decl":{"start":{"line":126,"column":14},"end":{"line":126,"column":15}},"loc":{"start":{"line":126,"column":52},"end":{"line":135,"column":null}},"line":126},"3":{"name":"(anonymous_3)","decl":{"start":{"line":136,"column":17},"end":{"line":136,"column":18}},"loc":{"start":{"line":136,"column":59},"end":{"line":155,"column":null}},"line":136},"4":{"name":"(anonymous_4)","decl":{"start":{"line":157,"column":20},"end":{"line":157,"column":21}},"loc":{"start":{"line":157,"column":48},"end":{"line":165,"column":null}},"line":157},"5":{"name":"CalendarDayButton","decl":{"start":{"line":173,"column":9},"end":{"line":173,"column":27}},"loc":{"start":{"line":178,"column":43},"end":{"line":209,"column":null}},"line":178},"6":{"name":"(anonymous_6)","decl":{"start":{"line":182,"column":18},"end":{"line":182,"column":24}},"loc":{"start":{"line":182,"column":24},"end":{"line":184,"column":5}},"line":182}},"branchMap":{"0":{"loc":{"start":{"line":15,"column":2},"end":{"line":15,"column":null}},"type":"default-arg","locations":[{"start":{"line":15,"column":20},"end":{"line":15,"column":null}}],"line":15},"1":{"loc":{"start":{"line":16,"column":2},"end":{"line":16,"column":null}},"type":"default-arg","locations":[{"start":{"line":16,"column":18},"end":{"line":16,"column":null}}],"line":16},"2":{"loc":{"start":{"line":17,"column":2},"end":{"line":17,"column":null}},"type":"default-arg","locations":[{"start":{"line":17,"column":18},"end":{"line":17,"column":null}}],"line":17},"3":{"loc":{"start":{"line":80,"column":10},"end":{"line":82,"column":null}},"type":"cond-expr","locations":[{"start":{"line":81,"column":14},"end":{"line":81,"column":null}},{"start":{"line":82,"column":14},"end":{"line":82,"column":null}}],"line":80},"4":{"loc":{"start":{"line":137,"column":10},"end":{"line":141,"column":null}},"type":"if","locations":[{"start":{"line":137,"column":10},"end":{"line":141,"column":null}},{"start":{},"end":{}}],"line":137},"5":{"loc":{"start":{"line":143,"column":10},"end":{"line":150,"column":null}},"type":"if","locations":[{"start":{"line":143,"column":10},"end":{"line":150,"column":null}},{"start":{},"end":{}}],"line":143},"6":{"loc":{"start":{"line":183,"column":4},"end":{"line":183,"column":null}},"type":"if","locations":[{"start":{"line":183,"column":4},"end":{"line":183,"column":null}},{"start":{},"end":{}}],"line":183},"7":{"loc":{"start":{"line":193,"column":8},"end":{"line":196,"column":null}},"type":"binary-expr","locations":[{"start":{"line":193,"column":8},"end":{"line":193,"column":null}},{"start":{"line":194,"column":8},"end":{"line":194,"column":null}},{"start":{"line":195,"column":8},"end":{"line":195,"column":null}},{"start":{"line":196,"column":8},"end":{"line":196,"column":null}}],"line":193}},"s":{"0":0,"1":0,"2":0,"3":0,"4":0,"5":0,"6":0,"7":0,"8":0,"9":0,"10":0,"11":0,"12":0,"13":0,"14":0,"15":0},"f":{"0":0,"1":0,"2":0,"3":0,"4":0,"5":0,"6":0},"b":{"0":[0],"1":[0],"2":[0],"3":[0,0],"4":[0,0],"5":[0,0],"6":[0,0],"7":[0,0,0,0]},"meta":{"lastBranch":8,"lastFunction":7,"lastStatement":16,"seen":{"f:12:9:12:18":0,"b:15:20:15:Infinity":0,"b:16:18:16:Infinity":1,"b:17:18:17:Infinity":2,"s:24:8:24:Infinity":0,"s:26:2:169:Infinity":1,"f:37:29:37:30":1,"s:38:10:38:Infinity":2,"b:81:14:81:Infinity:82:14:82:Infinity":3,"f:126:14:126:15":2,"s:127:10:133:Infinity":3,"f:136:17:136:18":3,"b:137:10:141:Infinity:undefined:undefined:undefined:undefined":4,"s:137:10:141:Infinity":4,"s:138:12:139:Infinity":5,"b:143:10:150:Infinity:undefined:undefined:undefined:undefined":5,"s:143:10:150:Infinity":6,"s:144:12:148:Infinity":7,"s:152:10:153:Infinity":8,"f:157:20:157:21":4,"s:158:10:163:Infinity":9,"f:173:9:173:27":5,"s:179:8:179:Infinity":10,"s:181:14:181:Infinity":11,"s:182:2:184:Infinity":12,"f:182:18:182:24":6,"b:183:4:183:Infinity:undefined:undefined:undefined:undefined":6,"s:183:4:183:Infinity":13,"s:183:27:183:Infinity":14,"s:186:2:207:Infinity":15,"b:193:8:193:Infinity:194:8:194:Infinity:195:8:195:Infinity:196:8:196:Infinity":7}}}
,"C:\\Users\\sugam1001\\Desktop\\demo 5\\travel-portal\\src\\components\\ui\\card.tsx": {"path":"C:\\Users\\sugam1001\\Desktop\\demo 5\\travel-portal\\src\\components\\ui\\card.tsx","statementMap":{"0":{"start":{"line":6,"column":2},"end":{"line":14,"column":null}},"1":{"start":{"line":19,"column":2},"end":{"line":27,"column":null}},"2":{"start":{"line":32,"column":2},"end":{"line":37,"column":null}},"3":{"start":{"line":42,"column":2},"end":{"line":47,"column":null}},"4":{"start":{"line":52,"column":2},"end":{"line":60,"column":null}},"5":{"start":{"line":65,"column":2},"end":{"line":70,"column":null}},"6":{"start":{"line":75,"column":2},"end":{"line":80,"column":null}}},"fnMap":{"0":{"name":"Card","decl":{"start":{"line":5,"column":9},"end":{"line":5,"column":14}},"loc":{"start":{"line":5,"column":68},"end":{"line":16,"column":null}},"line":5},"1":{"name":"CardHeader","decl":{"start":{"line":18,"column":9},"end":{"line":18,"column":20}},"loc":{"start":{"line":18,"column":74},"end":{"line":29,"column":null}},"line":18},"2":{"name":"CardTitle","decl":{"start":{"line":31,"column":9},"end":{"line":31,"column":19}},"loc":{"start":{"line":31,"column":73},"end":{"line":39,"column":null}},"line":31},"3":{"name":"CardDescription","decl":{"start":{"line":41,"column":9},"end":{"line":41,"column":25}},"loc":{"start":{"line":41,"column":79},"end":{"line":49,"column":null}},"line":41},"4":{"name":"CardAction","decl":{"start":{"line":51,"column":9},"end":{"line":51,"column":20}},"loc":{"start":{"line":51,"column":74},"end":{"line":62,"column":null}},"line":51},"5":{"name":"CardContent","decl":{"start":{"line":64,"column":9},"end":{"line":64,"column":21}},"loc":{"start":{"line":64,"column":75},"end":{"line":72,"column":null}},"line":64},"6":{"name":"CardFooter","decl":{"start":{"line":74,"column":9},"end":{"line":74,"column":20}},"loc":{"start":{"line":74,"column":74},"end":{"line":82,"column":null}},"line":74}},"branchMap":{},"s":{"0":92,"1":0,"2":0,"3":0,"4":0,"5":92,"6":0},"f":{"0":92,"1":0,"2":0,"3":0,"4":0,"5":92,"6":0},"b":{},"meta":{"lastBranch":0,"lastFunction":7,"lastStatement":7,"seen":{"f:5:9:5:14":0,"s:6:2:14:Infinity":0,"f:18:9:18:20":1,"s:19:2:27:Infinity":1,"f:31:9:31:19":2,"s:32:2:37:Infinity":2,"f:41:9:41:25":3,"s:42:2:47:Infinity":3,"f:51:9:51:20":4,"s:52:2:60:Infinity":4,"f:64:9:64:21":5,"s:65:2:70:Infinity":5,"f:74:9:74:20":6,"s:75:2:80:Infinity":6}}}
,"C:\\Users\\sugam1001\\Desktop\\demo 5\\travel-portal\\src\\components\\ui\\carousel.tsx": {"path":"C:\\Users\\sugam1001\\Desktop\\demo 5\\travel-portal\\src\\components\\ui\\carousel.tsx","statementMap":{"0":{"start":{"line":31,"column":24},"end":{"line":31,"column":null}},"1":{"start":{"line":34,"column":18},"end":{"line":34,"column":null}},"2":{"start":{"line":36,"column":2},"end":{"line":38,"column":null}},"3":{"start":{"line":37,"column":4},"end":{"line":37,"column":null}},"4":{"start":{"line":40,"column":2},"end":{"line":40,"column":null}},"5":{"start":{"line":52,"column":25},"end":{"line":58,"column":null}},"6":{"start":{"line":59,"column":44},"end":{"line":59,"column":null}},"7":{"start":{"line":60,"column":44},"end":{"line":60,"column":null}},"8":{"start":{"line":62,"column":19},"end":{"line":66,"column":null}},"9":{"start":{"line":63,"column":4},"end":{"line":63,"column":null}},"10":{"start":{"line":63,"column":14},"end":{"line":63,"column":null}},"11":{"start":{"line":64,"column":4},"end":{"line":64,"column":null}},"12":{"start":{"line":65,"column":4},"end":{"line":65,"column":null}},"13":{"start":{"line":68,"column":21},"end":{"line":70,"column":null}},"14":{"start":{"line":69,"column":4},"end":{"line":69,"column":null}},"15":{"start":{"line":72,"column":21},"end":{"line":74,"column":null}},"16":{"start":{"line":73,"column":4},"end":{"line":73,"column":null}},"17":{"start":{"line":76,"column":24},"end":{"line":87,"column":null}},"18":{"start":{"line":78,"column":6},"end":{"line":84,"column":null}},"19":{"start":{"line":79,"column":8},"end":{"line":79,"column":null}},"20":{"start":{"line":80,"column":8},"end":{"line":80,"column":null}},"21":{"start":{"line":81,"column":6},"end":{"line":84,"column":null}},"22":{"start":{"line":82,"column":8},"end":{"line":82,"column":null}},"23":{"start":{"line":83,"column":8},"end":{"line":83,"column":null}},"24":{"start":{"line":89,"column":2},"end":{"line":92,"column":null}},"25":{"start":{"line":90,"column":4},"end":{"line":90,"column":null}},"26":{"start":{"line":90,"column":25},"end":{"line":90,"column":null}},"27":{"start":{"line":91,"column":4},"end":{"line":91,"column":null}},"28":{"start":{"line":94,"column":2},"end":{"line":103,"column":null}},"29":{"start":{"line":95,"column":4},"end":{"line":95,"column":null}},"30":{"start":{"line":95,"column":14},"end":{"line":95,"column":null}},"31":{"start":{"line":96,"column":4},"end":{"line":96,"column":null}},"32":{"start":{"line":97,"column":4},"end":{"line":97,"column":null}},"33":{"start":{"line":98,"column":4},"end":{"line":98,"column":null}},"34":{"start":{"line":100,"column":4},"end":{"line":102,"column":null}},"35":{"start":{"line":101,"column":6},"end":{"line":101,"column":null}},"36":{"start":{"line":105,"column":2},"end":{"line":129,"column":null}},"37":{"start":{"line":134,"column":39},"end":{"line":134,"column":null}},"38":{"start":{"line":136,"column":2},"end":{"line":150,"column":null}},"39":{"start":{"line":155,"column":26},"end":{"line":155,"column":null}},"40":{"start":{"line":157,"column":2},"end":{"line":168,"column":null}},"41":{"start":{"line":178,"column":53},"end":{"line":178,"column":null}},"42":{"start":{"line":180,"column":2},"end":{"line":198,"column":null}},"43":{"start":{"line":208,"column":53},"end":{"line":208,"column":null}},"44":{"start":{"line":210,"column":2},"end":{"line":228,"column":null}}},"fnMap":{"0":{"name":"useCarousel","decl":{"start":{"line":33,"column":9},"end":{"line":33,"column":23}},"loc":{"start":{"line":33,"column":23},"end":{"line":41,"column":null}},"line":33},"1":{"name":"Carousel","decl":{"start":{"line":43,"column":9},"end":{"line":43,"column":18}},"loc":{"start":{"line":51,"column":48},"end":{"line":131,"column":null}},"line":51},"2":{"name":"(anonymous_2)","decl":{"start":{"line":62,"column":37},"end":{"line":62,"column":38}},"loc":{"start":{"line":62,"column":59},"end":{"line":66,"column":5}},"line":62},"3":{"name":"(anonymous_3)","decl":{"start":{"line":68,"column":39},"end":{"line":68,"column":45}},"loc":{"start":{"line":68,"column":45},"end":{"line":70,"column":5}},"line":68},"4":{"name":"(anonymous_4)","decl":{"start":{"line":72,"column":39},"end":{"line":72,"column":45}},"loc":{"start":{"line":72,"column":45},"end":{"line":74,"column":5}},"line":72},"5":{"name":"(anonymous_5)","decl":{"start":{"line":77,"column":4},"end":{"line":77,"column":5}},"loc":{"start":{"line":77,"column":52},"end":{"line":85,"column":null}},"line":77},"6":{"name":"(anonymous_6)","decl":{"start":{"line":89,"column":18},"end":{"line":89,"column":24}},"loc":{"start":{"line":89,"column":24},"end":{"line":92,"column":5}},"line":89},"7":{"name":"(anonymous_7)","decl":{"start":{"line":94,"column":18},"end":{"line":94,"column":24}},"loc":{"start":{"line":94,"column":24},"end":{"line":103,"column":5}},"line":94},"8":{"name":"(anonymous_8)","decl":{"start":{"line":100,"column":11},"end":{"line":100,"column":17}},"loc":{"start":{"line":100,"column":17},"end":{"line":102,"column":null}},"line":100},"9":{"name":"CarouselContent","decl":{"start":{"line":133,"column":9},"end":{"line":133,"column":25}},"loc":{"start":{"line":133,"column":79},"end":{"line":152,"column":null}},"line":133},"10":{"name":"CarouselItem","decl":{"start":{"line":154,"column":9},"end":{"line":154,"column":22}},"loc":{"start":{"line":154,"column":76},"end":{"line":170,"column":null}},"line":154},"11":{"name":"CarouselPrevious","decl":{"start":{"line":172,"column":9},"end":{"line":172,"column":26}},"loc":{"start":{"line":177,"column":40},"end":{"line":200,"column":null}},"line":177},"12":{"name":"CarouselNext","decl":{"start":{"line":202,"column":9},"end":{"line":202,"column":22}},"loc":{"start":{"line":207,"column":40},"end":{"line":230,"column":null}},"line":207}},"branchMap":{"0":{"loc":{"start":{"line":36,"column":2},"end":{"line":38,"column":null}},"type":"if","locations":[{"start":{"line":36,"column":2},"end":{"line":38,"column":null}},{"start":{},"end":{}}],"line":36},"1":{"loc":{"start":{"line":44,"column":2},"end":{"line":44,"column":null}},"type":"default-arg","locations":[{"start":{"line":44,"column":16},"end":{"line":44,"column":null}}],"line":44},"2":{"loc":{"start":{"line":55,"column":12},"end":{"line":55,"column":null}},"type":"cond-expr","locations":[{"start":{"line":55,"column":43},"end":{"line":55,"column":49}},{"start":{"line":55,"column":49},"end":{"line":55,"column":null}}],"line":55},"3":{"loc":{"start":{"line":63,"column":4},"end":{"line":63,"column":null}},"type":"if","locations":[{"start":{"line":63,"column":4},"end":{"line":63,"column":null}},{"start":{},"end":{}}],"line":63},"4":{"loc":{"start":{"line":78,"column":6},"end":{"line":84,"column":null}},"type":"if","locations":[{"start":{"line":78,"column":6},"end":{"line":84,"column":null}},{"start":{"line":81,"column":6},"end":{"line":84,"column":null}}],"line":78},"5":{"loc":{"start":{"line":81,"column":6},"end":{"line":84,"column":null}},"type":"if","locations":[{"start":{"line":81,"column":6},"end":{"line":84,"column":null}},{"start":{},"end":{}}],"line":81},"6":{"loc":{"start":{"line":90,"column":4},"end":{"line":90,"column":null}},"type":"if","locations":[{"start":{"line":90,"column":4},"end":{"line":90,"column":null}},{"start":{},"end":{}}],"line":90},"7":{"loc":{"start":{"line":90,"column":8},"end":{"line":90,"column":25}},"type":"binary-expr","locations":[{"start":{"line":90,"column":8},"end":{"line":90,"column":16}},{"start":{"line":90,"column":16},"end":{"line":90,"column":25}}],"line":90},"8":{"loc":{"start":{"line":95,"column":4},"end":{"line":95,"column":null}},"type":"if","locations":[{"start":{"line":95,"column":4},"end":{"line":95,"column":null}},{"start":{},"end":{}}],"line":95},"9":{"loc":{"start":{"line":112,"column":10},"end":{"line":112,"column":null}},"type":"binary-expr","locations":[{"start":{"line":112,"column":10},"end":{"line":112,"column":26}},{"start":{"line":112,"column":26},"end":{"line":112,"column":null}}],"line":112},"10":{"loc":{"start":{"line":112,"column":26},"end":{"line":112,"column":null}},"type":"cond-expr","locations":[{"start":{"line":112,"column":47},"end":{"line":112,"column":60}},{"start":{"line":112,"column":60},"end":{"line":112,"column":null}}],"line":112},"11":{"loc":{"start":{"line":145,"column":10},"end":{"line":145,"column":null}},"type":"cond-expr","locations":[{"start":{"line":145,"column":41},"end":{"line":145,"column":51}},{"start":{"line":145,"column":51},"end":{"line":145,"column":null}}],"line":145},"12":{"loc":{"start":{"line":164,"column":8},"end":{"line":164,"column":null}},"type":"cond-expr","locations":[{"start":{"line":164,"column":39},"end":{"line":164,"column":48}},{"start":{"line":164,"column":48},"end":{"line":164,"column":null}}],"line":164},"13":{"loc":{"start":{"line":174,"column":2},"end":{"line":174,"column":null}},"type":"default-arg","locations":[{"start":{"line":174,"column":12},"end":{"line":174,"column":null}}],"line":174},"14":{"loc":{"start":{"line":175,"column":2},"end":{"line":175,"column":null}},"type":"default-arg","locations":[{"start":{"line":175,"column":9},"end":{"line":175,"column":null}}],"line":175},"15":{"loc":{"start":{"line":187,"column":8},"end":{"line":189,"column":null}},"type":"cond-expr","locations":[{"start":{"line":188,"column":12},"end":{"line":188,"column":null}},{"start":{"line":189,"column":12},"end":{"line":189,"column":null}}],"line":187},"16":{"loc":{"start":{"line":204,"column":2},"end":{"line":204,"column":null}},"type":"default-arg","locations":[{"start":{"line":204,"column":12},"end":{"line":204,"column":null}}],"line":204},"17":{"loc":{"start":{"line":205,"column":2},"end":{"line":205,"column":null}},"type":"default-arg","locations":[{"start":{"line":205,"column":9},"end":{"line":205,"column":null}}],"line":205},"18":{"loc":{"start":{"line":217,"column":8},"end":{"line":219,"column":null}},"type":"cond-expr","locations":[{"start":{"line":218,"column":12},"end":{"line":218,"column":null}},{"start":{"line":219,"column":12},"end":{"line":219,"column":null}}],"line":217}},"s":{"0":1,"1":198,"2":198,"3":0,"4":198,"5":22,"6":22,"7":22,"8":22,"9":5,"10":0,"11":5,"12":5,"13":22,"14":0,"15":22,"16":0,"17":22,"18":0,"19":0,"20":0,"21":0,"22":0,"23":0,"24":22,"25":10,"26":10,"27":0,"28":22,"29":10,"30":5,"31":5,"32":5,"33":5,"34":5,"35":5,"36":22,"37":22,"38":22,"39":132,"40":132,"41":22,"42":22,"43":22,"44":22},"f":{"0":198,"1":22,"2":5,"3":0,"4":0,"5":0,"6":10,"7":10,"8":5,"9":22,"10":132,"11":22,"12":22},"b":{"0":[0,198],"1":[22],"2":[22,0],"3":[0,5],"4":[0,0],"5":[0,0],"6":[10,0],"7":[10,5],"8":[5,5],"9":[22,0],"10":[0,0],"11":[22,0],"12":[132,0],"13":[22],"14":[22],"15":[22,0],"16":[22],"17":[22],"18":[22,0]},"meta":{"lastBranch":19,"lastFunction":13,"lastStatement":45,"seen":{"s:31:24:31:Infinity":0,"f:33:9:33:23":0,"s:34:18:34:Infinity":1,"b:36:2:38:Infinity:undefined:undefined:undefined:undefined":0,"s:36:2:38:Infinity":2,"s:37:4:37:Infinity":3,"s:40:2:40:Infinity":4,"f:43:9:43:18":1,"b:44:16:44:Infinity":1,"s:52:25:58:Infinity":5,"b:55:43:55:49:55:49:55:Infinity":2,"s:59:44:59:Infinity":6,"s:60:44:60:Infinity":7,"s:62:19:66:Infinity":8,"f:62:37:62:38":2,"b:63:4:63:Infinity:undefined:undefined:undefined:undefined":3,"s:63:4:63:Infinity":9,"s:63:14:63:Infinity":10,"s:64:4:64:Infinity":11,"s:65:4:65:Infinity":12,"s:68:21:70:Infinity":13,"f:68:39:68:45":3,"s:69:4:69:Infinity":14,"s:72:21:74:Infinity":15,"f:72:39:72:45":4,"s:73:4:73:Infinity":16,"s:76:24:87:Infinity":17,"f:77:4:77:5":5,"b:78:6:84:Infinity:81:6:84:Infinity":4,"s:78:6:84:Infinity":18,"s:79:8:79:Infinity":19,"s:80:8:80:Infinity":20,"b:81:6:84:Infinity:undefined:undefined:undefined:undefined":5,"s:81:6:84:Infinity":21,"s:82:8:82:Infinity":22,"s:83:8:83:Infinity":23,"s:89:2:92:Infinity":24,"f:89:18:89:24":6,"b:90:4:90:Infinity:undefined:undefined:undefined:undefined":6,"s:90:4:90:Infinity":25,"b:90:8:90:16:90:16:90:25":7,"s:90:25:90:Infinity":26,"s:91:4:91:Infinity":27,"s:94:2:103:Infinity":28,"f:94:18:94:24":7,"b:95:4:95:Infinity:undefined:undefined:undefined:undefined":8,"s:95:4:95:Infinity":29,"s:95:14:95:Infinity":30,"s:96:4:96:Infinity":31,"s:97:4:97:Infinity":32,"s:98:4:98:Infinity":33,"s:100:4:102:Infinity":34,"f:100:11:100:17":8,"s:101:6:101:Infinity":35,"s:105:2:129:Infinity":36,"b:112:10:112:26:112:26:112:Infinity":9,"b:112:47:112:60:112:60:112:Infinity":10,"f:133:9:133:25":9,"s:134:39:134:Infinity":37,"s:136:2:150:Infinity":38,"b:145:41:145:51:145:51:145:Infinity":11,"f:154:9:154:22":10,"s:155:26:155:Infinity":39,"s:157:2:168:Infinity":40,"b:164:39:164:48:164:48:164:Infinity":12,"f:172:9:172:26":11,"b:174:12:174:Infinity":13,"b:175:9:175:Infinity":14,"s:178:53:178:Infinity":41,"s:180:2:198:Infinity":42,"b:188:12:188:Infinity:189:12:189:Infinity":15,"f:202:9:202:22":12,"b:204:12:204:Infinity":16,"b:205:9:205:Infinity":17,"s:208:53:208:Infinity":43,"s:210:2:228:Infinity":44,"b:218:12:218:Infinity:219:12:219:Infinity":18}}}
,"C:\\Users\\sugam1001\\Desktop\\demo 5\\travel-portal\\src\\components\\ui\\dropdown-menu.tsx": {"path":"C:\\Users\\sugam1001\\Desktop\\demo 5\\travel-portal\\src\\components\\ui\\dropdown-menu.tsx","statementMap":{"0":{"start":{"line":10,"column":2},"end":{"line":10,"column":null}},"1":{"start":{"line":16,"column":2},"end":{"line":17,"column":null}},"2":{"start":{"line":24,"column":2},"end":{"line":28,"column":null}},"3":{"start":{"line":37,"column":2},"end":{"line":48,"column":null}},"4":{"start":{"line":55,"column":2},"end":{"line":56,"column":null}},"5":{"start":{"line":69,"column":2},"end":{"line":79,"column":null}},"6":{"start":{"line":89,"column":2},"end":{"line":105,"column":null}},"7":{"start":{"line":112,"column":2},"end":{"line":116,"column":null}},"8":{"start":{"line":125,"column":2},"end":{"line":140,"column":null}},"9":{"start":{"line":151,"column":2},"end":{"line":160,"column":null}},"10":{"start":{"line":168,"column":2},"end":{"line":173,"column":null}},"11":{"start":{"line":181,"column":2},"end":{"line":189,"column":null}},"12":{"start":{"line":196,"column":2},"end":{"line":196,"column":null}},"13":{"start":{"line":207,"column":2},"end":{"line":219,"column":null}},"14":{"start":{"line":227,"column":2},"end":{"line":235,"column":null}}},"fnMap":{"0":{"name":"DropdownMenu","decl":{"start":{"line":7,"column":9},"end":{"line":7,"column":22}},"loc":{"start":{"line":9,"column":60},"end":{"line":11,"column":null}},"line":9},"1":{"name":"DropdownMenuPortal","decl":{"start":{"line":13,"column":9},"end":{"line":13,"column":28}},"loc":{"start":{"line":15,"column":62},"end":{"line":19,"column":null}},"line":15},"2":{"name":"DropdownMenuTrigger","decl":{"start":{"line":21,"column":9},"end":{"line":21,"column":29}},"loc":{"start":{"line":23,"column":63},"end":{"line":30,"column":null}},"line":23},"3":{"name":"DropdownMenuContent","decl":{"start":{"line":32,"column":9},"end":{"line":32,"column":29}},"loc":{"start":{"line":36,"column":63},"end":{"line":50,"column":null}},"line":36},"4":{"name":"DropdownMenuGroup","decl":{"start":{"line":52,"column":9},"end":{"line":52,"column":27}},"loc":{"start":{"line":54,"column":61},"end":{"line":58,"column":null}},"line":54},"5":{"name":"DropdownMenuItem","decl":{"start":{"line":60,"column":9},"end":{"line":60,"column":26}},"loc":{"start":{"line":68,"column":3},"end":{"line":81,"column":null}},"line":68},"6":{"name":"DropdownMenuCheckboxItem","decl":{"start":{"line":83,"column":9},"end":{"line":83,"column":34}},"loc":{"start":{"line":88,"column":68},"end":{"line":107,"column":null}},"line":88},"7":{"name":"DropdownMenuRadioGroup","decl":{"start":{"line":109,"column":9},"end":{"line":109,"column":32}},"loc":{"start":{"line":111,"column":66},"end":{"line":118,"column":null}},"line":111},"8":{"name":"DropdownMenuRadioItem","decl":{"start":{"line":120,"column":9},"end":{"line":120,"column":31}},"loc":{"start":{"line":124,"column":65},"end":{"line":142,"column":null}},"line":124},"9":{"name":"DropdownMenuLabel","decl":{"start":{"line":144,"column":9},"end":{"line":144,"column":27}},"loc":{"start":{"line":150,"column":3},"end":{"line":162,"column":null}},"line":150},"10":{"name":"DropdownMenuSeparator","decl":{"start":{"line":164,"column":9},"end":{"line":164,"column":31}},"loc":{"start":{"line":167,"column":65},"end":{"line":175,"column":null}},"line":167},"11":{"name":"DropdownMenuShortcut","decl":{"start":{"line":177,"column":9},"end":{"line":177,"column":30}},"loc":{"start":{"line":180,"column":33},"end":{"line":191,"column":null}},"line":180},"12":{"name":"DropdownMenuSub","decl":{"start":{"line":193,"column":9},"end":{"line":193,"column":25}},"loc":{"start":{"line":195,"column":59},"end":{"line":197,"column":null}},"line":195},"13":{"name":"DropdownMenuSubTrigger","decl":{"start":{"line":199,"column":9},"end":{"line":199,"column":32}},"loc":{"start":{"line":206,"column":3},"end":{"line":221,"column":null}},"line":206},"14":{"name":"DropdownMenuSubContent","decl":{"start":{"line":223,"column":9},"end":{"line":223,"column":32}},"loc":{"start":{"line":226,"column":66},"end":{"line":237,"column":null}},"line":226}},"br
[...]
,"C:\\Users\\sugam1001\\Desktop\\demo 5\\travel-portal\\src\\components\\ui\\separator.tsx": {"path":"C:\\Users\\sugam1001\\Desktop\\demo 5\\travel-portal\\src\\components\\ui\\separator.tsx","statementMap":{"0":{"start":{"line":12,"column":2},"end":{"line":22,"column":null}}},"fnMap":{"0":{"name":"Separator","decl":{"start":{"line":6,"column":9},"end":{"line":6,"column":19}},"loc":{"start":{"line":11,"column":57},"end":{"line":24,"column":null}},"line":11}},"branchMap":{"0":{"loc":{"start":{"line":8,"column":2},"end":{"line":8,"column":null}},"type":"default-arg","locations":[{"start":{"line":8,"column":16},"end":{"line":8,"column":null}}],"line":8},"1":{"loc":{"start":{"line":9,"column":2},"end":{"line":9,"column":null}},"type":"default-arg","locations":[{"start":{"line":9,"column":15},"end":{"line":9,"column":null}}],"line":9}},"s":{"0":0},"f":{"0":0},"b":{"0":[0],"1":[0]},"meta":{"lastBranch":2,"lastFunction":1,"lastStatement":1,"seen":{"f:6:9:6:19":0,"b:8:16:8:Infinity":0,"b:9:15:9:Infinity":1,"s:12:2:22:Infinity":0}}}
,"C:\\Users\\sugam1001\\Desktop\\demo 5\\travel-portal\\src\\components\\ui\\tabs.tsx": {"path":"C:\\Users\\sugam1001\\Desktop\\demo 5\\travel-portal\\src\\components\\ui\\tabs.tsx","statementMap":{"0":{"start":{"line":10,"column":2},"end":{"line":15,"column":null}},"1":{"start":{"line":23,"column":2},"end":{"line":31,"column":null}},"2":{"start":{"line":39,"column":2},"end":{"line":47,"column":null}},"3":{"start":{"line":55,"column":2},"end":{"line":60,"column":null}}},"fnMap":{"0":{"name":"Tabs","decl":{"start":{"line":6,"column":9},"end":{"line":6,"column":14}},"loc":{"start":{"line":9,"column":52},"end":{"line":17,"column":null}},"line":9},"1":{"name":"TabsList","decl":{"start":{"line":19,"column":9},"end":{"line":19,"column":18}},"loc":{"start":{"line":22,"column":52},"end":{"line":33,"column":null}},"line":22},"2":{"name":"TabsTrigger","decl":{"start":{"line":35,"column":9},"end":{"line":35,"column":21}},"loc":{"start":{"line":38,"column":55},"end":{"line":49,"column":null}},"line":38},"3":{"name":"TabsContent","decl":{"start":{"line":51,"column":9},"end":{"line":51,"column":21}},"loc":{"start":{"line":54,"column":55},"end":{"line":62,"column":null}},"line":54}},"branchMap":{},"s":{"0":4,"1":4,"2":20,"3":12},"f":{"0":4,"1":4,"2":20,"3":12},"b":{},"meta":{"lastBranch":0,"lastFunction":4,"lastStatement":4,"seen":{"f:6:9:6:14":0,"s:10:2:15:Infinity":0,"f:19:9:19:18":1,"s:23:2:31:Infinity":1,"f:35:9:35:21":2,"s:39:2:47:Infinity":2,"f:51:9:51:21":3,"s:55:2:60:Infinity":3}}}
,"C:\\Users\\sugam1001\\Desktop\\demo 5\\travel-portal\\src\\context\\AuthContext.tsx": {"path":"C:\\Users\\sugam1001\\Desktop\\demo 5\\travel-portal\\src\\context\\AuthContext.tsx","statementMap":{"0":{"start":{"line":16,"column":13},"end":{"line":16,"column":null}},"1":{"start":{"line":18,"column":28},"end":{"line":92,"column":null}},"2":{"start":{"line":19,"column":22},"end":{"line":19,"column":null}},"3":{"start":{"line":20,"column":22},"end":{"line":20,"column":null}},"4":{"start":{"line":23,"column":2},"end":{"line":28,"column":null}},"5":{"start":{"line":24,"column":22},"end":{"line":24,"column":null}},"6":{"start":{"line":25,"column":4},"end":{"line":27,"column":null}},"7":{"start":{"line":26,"column":6},"end":{"line":26,"column":null}},"8":{"start":{"line":31,"column":29},"end":{"line":67,"column":null}},"9":{"start":{"line":32,"column":4},"end":{"line":37,"column":null}},"10":{"start":{"line":33,"column":6},"end":{"line":33,"column":null}},"11":{"start":{"line":34,"column":6},"end":{"line":34,"column":null}},"12":{"start":{"line":35,"column":6},"end":{"line":35,"column":null}},"13":{"start":{"line":36,"column":6},"end":{"line":36,"column":null}},"14":{"start":{"line":39,"column":4},"end":{"line":66,"column":null}},"15":{"start":{"line":41,"column":40},"end":{"line":41,"column":null}},"16":{"start":{"line":43,"column":8},"end":{"line":58,"column":null}},"17":{"start":{"line":44,"column":27},"end":{"line":46,"column":null}},"18":{"start":{"line":47,"column":23},"end":{"line":47,"column":null}},"19":{"start":{"line":48,"column":30},"end":{"line":48,"column":null}},"20":{"start":{"line":49,"column":10},"end":{"line":49,"column":null}},"21":{"start":{"line":51,"column":10},"end":{"line":54,"column":null}},"22":{"start":{"line":51,"column":36},"end":{"line":51,"column":null}},"23":{"start":{"line":51,"column":53},"end":{"line":54,"column":null}},"24":{"start":{"line":52,"column":41},"end":{"line":52,"column":null}},"25":{"start":{"line":52,"column":58},"end":{"line":54,"column":null}},"26":{"start":{"line":53,"column":73},"end":{"line":53,"column":null}},"27":{"start":{"line":54,"column":15},"end":{"line":54,"column":null}},"28":{"start":{"line":56,"column":10},"end":{"line":56,"column":null}},"29":{"start":{"line":57,"column":10},"end":{"line":57,"column":null}},"30":{"start":{"line":61,"column":8},"end":{"line":61,"column":null}},"31":{"start":{"line":62,"column":8},"end":{"line":62,"column":null}},"32":{"start":{"line":63,"column":8},"end":{"line":63,"column":null}},"33":{"start":{"line":70,"column":16},"end":{"line":78,"column":null}},"34":{"start":{"line":71,"column":4},"end":{"line":71,"column":null}},"35":{"start":{"line":72,"column":4},"end":{"line":72,"column":null}},"36":{"start":{"line":75,"column":4},"end":{"line":77,"column":null}},"37":{"start":{"line":76,"column":6},"end":{"line":76,"column":null}},"38":{"start":{"line":81,"column":17},"end":{"line":85,"column":null}},"39":{"start":{"line":82,"column":4},"end":{"line":82,"column":null}},"40":{"start":{"line":83,"column":4},"end":{"line":83,"column":null}},"41":{"start":{"line":84,"column":4},"end":{"line":84,"column":null}},"42":{"start":{"line":87,"column":2},"end":{"line":90,"column":null}},"43":{"start":{"line":95,"column":23},"end":{"line":99,"column":null}},"44":{"start":{"line":96,"column":8},"end":{"line":96,"column":null}},"45":{"start":{"line":97,"column":2},"end":{"line":97,"column":null}},"46":{"start":{"line":97,"column":16},"end":{"line":97,"column":null}},"47":{"start":{"line":98,"column":2},"end":{"line":98,"column":null}}},"fnMap":{"0":{"name":"(anonymous_0)","decl":{"start":{"line":18,"column":28},"end":{"line":18,"column":29}},"loc":{"start":{"line":18,"column":71},"end":{"line":92,"column":null}},"line":18},"1":{"name":"(anonymous_1)","decl":{"start":{"line":23,"column":12},"end":{"line":23,"column":18}},"loc":{"start":{"line":23,"column":18},"end":{"line":28,"column":5}},"line":23},"2":{"name":"(anonymous_2)","decl":{"start":{"line":31,"column":29},"end":{"line":31,"column":41}},"loc":{"start":{"line":31,"column":41},"end":{"line":67,"column":null}},"line":31},"3":{"name":"(anonymous_3)","decl":{"start":{"line":40,"column":6},"end":{"line":40,"column":13}},"loc":{"start":{"line":40,"column":26},"end":{"line":59,"column":null}},"line":40},"4":{"name":"(anonymous_4)","decl":{"start":{"line":60,"column":6},"end":{"line":60,"column":7}},"loc":{"start":{"line":60,"column":17},"end":{"line":64,"column":null}},"line":60},"5":{"name":"(anonymous_5)","decl":{"start":{"line":70,"column":16},"end":{"line":70,"column":17}},"loc":{"start":{"line":70,"column":36},"end":{"line":78,"column":null}},"line":70},"6":{"name":"(anonymous_6)","decl":{"start":{"line":75,"column":15},"end":{"line":75,"column":21}},"loc":{"start":{"line":75,"column":21},"end":{"line":77,"column":7}},"line":75},"7":{"name":"(anonymous_7)","decl":{"start":{"line":81,"column":17},"end":{"line":81,"column":23}},"loc":{"start":{"line":81,"column":23},"end":{"line":85,"column":null}},"line":81},"8":{"name":"(anonymous_8)","decl":{"start":{"line":95,"column":23},"end":{"line":95,"column":29}},"loc":{"start":{"line":95,"column":29},"end":{"line":99,"column":null}},"line":95}},"branchMap":{"0":{"loc":{"start":{"line":25,"column":4},"end":{"line":27,"column":null}},"type":"if","locations":[{"start":{"line":25,"column":4},"end":{"line":27,"column":null}},{"start":{},"end":{}}],"line":25},"1":{"loc":{"start":{"line":32,"column":4},"end":{"line":37,"column":null}},"type":"if","locations":[{"start":{"line":32,"column":4},"end":{"line":37,"column":null}},{"start":{},"end":{}}],"line":32},"2":{"loc":{"start":{"line":51,"column":10},"end":{"line":54,"column":null}},"type":"if","locations":[{"start":{"line":51,"column":10},"end":{"line":54,"column":null}},{"start":{"line":51,"column":53},"end":{"line":54,"column":null}}],"line":51},"3":{"loc":{"start":{"line":51,"column":53},"end":{"line":54,"column":null}},"type":"if","locations":[{"start":{"line":51,"column":53},"end":{"line":54,"column":null}},{"start":{"line":52,"column":58},"end":{"line":54,"column":null}}],"line":51},"4":{"loc":{"start":{"line":52,"column":58},"end":{"line":54,"column":null}},"type":"if","locations":[{"start":{"line":52,"column":58},"end":{"line":54,"column":null}},{"start":{"line":54,"column":15},"end":{"line":54,"column":null}}],"line":52},"5":{"loc":{"start":{"line":97,"column":2},"end":{"line":97,"column":null}},"type":"if","locations":[{"start":{"line":97,"column":2},"end":{"line":97,"column":null}},{"start":{},"end":{}}],"line":97}},"s":{"0":1,"1":1,"2":0,"3":0,"4":0,"5":0,"6":0,"7":0,"8":0,"9":0,"10":0,"11":0,"12":0,"13":0,"14":0,"15":0,"16":0,"17":0,"18":0,"19":0,"20":0,"21":0,"22":0,"23":0,"24":0,"25":0,"26":0,"27":0,"28":0,"29":0,"30":0,"31":0,"32":0,"33":0,"34":0,"35":0,"36":0,"37":0,"38":0,"39":0,"40":0,"41":0,"42":0,"43":1,"44":5,"45":5,"46":0,"47":5},"f":{"0":0,"1":0,"2":0,"3":0,"4":0,"5":0,"6":0,"7":0,"8":5},"b":{"0":[0,0],"1":[0,0],"2":[0,0],"3":[0,0],"4":[0,0],"5":[0,5]},"meta":{"lastBranch":6,"lastFunction":9,"lastStatement":48,"seen":{"s:16:13:16:Infinity":0,"s:18:28:92:Infinity":1,"f:18:28:18:29":0,"s:19:22:19:Infinity":2,"s:20:22:20:Infinity":3,"s:23:2:28:Infinity":4,"f:23:12:23:18":1,"s:24:22:24:Infinity":5,"b:25:4:27:Infinity:undefined:undefined:undefined:undefined":0,"s:25:4:27:Infinity":6,"s:26:6:26:Infinity":7,"s:31:29:67:Infinity":8,"f:31:29:31:41":2,"b:32:4:37:Infinity:undefined:undefined:undefined:undefined":1,"s:32:4:37:Infinity":9,"s:33:6:33:Infinity":10,"s:34:6:34:Infinity":11,"s:35:6:35:Infinity":12,"s:36:6:36:Infinity":13,"s:39:4:66:Infinity":14,"f:40:6:40:13":3,"s:41:40:41:Infinity":15,"s:43:8:58:Infinity":16,"s:44:27:46:Infinity":17,"s:47:23:47:Infinity":18,"s:48:30:48:Infinity":19,"s:49:10:49:Infinity":20,"b:51:10:54:Infinity:51:53:54:Infinity":2,"s:51:10:54:Infinity":21,"s:51:36:51:Infinity":22,"b:51:53:54:Infinity:52:58:54:Infinity":3,"s:51:53:54:Infinity":23,"s:52:41:52:Infinity":24,"b:52:58:54:Infinity:54:15:54:Infinity":4,"s:52:58:54:Infinity":25,"s:53:73:53:Infinity":26,"s:54:15:54:Infinity":27,"s:56:10:56:Infinity":28,"s:57:10:57:Infinity":29,"f:60:6:60:7":4,"s:61:8:61:Infinity":30,"s:62:8:62:Infinity":31,"s:63:8:63:Infinity":32,"s:70:16:78:Infinity":33,"f:70:16:70:17":5,"s:71:4:71:Infinity":34,"s:72:4:72:Infinity":35,"s:75:4:77:Infinity":36,"f:75:15:75:21":6,"s:76:6:76:Infinity":37,"s:81:17:85:Infinity":38,"f:81:17:81:23":7,"s:82:4:82:Infinity":39,"s:83:4:83:Infinity":40,"s:84:4:84:Infinity":41,"s:87:2:90:Infinity":42,"s:95:23:99:Infinity":43,"f:95:23:95:29":8,"s:96:8:96:Infinity":44,"b:97:2:97:Infinity:undefined:undefined:undefined:undefined":5,"s:97:2:97:Infinity":45,"s:97:16:97:Infinity":46,"s:98:2:98:Infinity":47}}}
,"C:\\Users\\sugam1001\\Desktop\\demo 5\\travel-portal\\src\\context\\CurrencyContext.tsx": {"path":"C:\\Users\\sugam1001\\Desktop\\demo 5\\travel-portal\\src\\context\\CurrencyContext.tsx","statementMap":{"0":{"start":{"line":13,"column":6},"end":{"line":13,"column":null}},"1":{"start":{"line":15,"column":32},"end":{"line":65,"column":null}},"2":{"start":{"line":16,"column":35},"end":{"line":18,"column":null}},"3":{"start":{"line":17,"column":4},"end":{"line":17,"column":null}},"4":{"start":{"line":21,"column":2},"end":{"line":23,"column":null}},"5":{"start":{"line":22,"column":4},"end":{"line":22,"column":null}},"6":{"start":{"line":26,"column":2},"end":{"line":31,"column":null}},"7":{"start":{"line":27,"column":19},"end":{"line":27,"column":null}},"8":{"start":{"line":28,"column":4},"end":{"line":30,"column":null}},"9":{"start":{"line":29,"column":6},"end":{"line":29,"column":null}},"10":{"start":{"line":33,"column":22},"end":{"line":36,"column":null}},"11":{"start":{"line":34,"column":4},"end":{"line":34,"column":null}},"12":{"start":{"line":35,"column":4},"end":{"line":35,"column":null}},"13":{"start":{"line":38,"column":23},"end":{"line":47,"column":null}},"14":{"start":{"line":39,"column":4},"end":{"line":46,"column":null}},"15":{"start":{"line":41,"column":8},"end":{"line":41,"column":null}},"16":{"start":{"line":43,"column":8},"end":{"line":43,"column":null}},"17":{"start":{"line":45,"column":8},"end":{"line":45,"column":null}},"18":{"start":{"line":49,"column":20},"end":{"line":58,"column":null}},"19":{"start":{"line":50,"column":4},"end":{"line":57,"column":null}},"20":{"start":{"line":52,"column":8},"end":{"line":52,"column":null}},"21":{"start":{"line":54,"column":8},"end":{"line":54,"column":null}},"22":{"start":{"line":56,"column":8},"end":{"line":56,"column":null}},"23":{"start":{"line":60,"column":2},"end":{"line":63,"column":null}},"24":{"start":{"line":67,"column":27},"end":{"line":73,"column":null}},"25":{"start":{"line":68,"column":8},"end":{"line":68,"column":null}},"26":{"start":{"line":69,"column":2},"end":{"line":71,"column":null}},"27":{"start":{"line":70,"column":4},"end":{"line":70,"column":null}},"28":{"start":{"line":72,"column":2},"end":{"line":72,"column":null}}},"fnMap":{"0":{"name":"(anonymous_0)","decl":{"start":{"line":15,"column":32},"end":{"line":15,"column":33}},"loc":{"start":{"line":15,"column":75},"end":{"line":65,"column":null}},"line":15},"1":{"name":"(anonymous_1)","decl":{"start":{"line":16,"column":58},"end":{"line":16,"column":64}},"loc":{"start":{"line":16,"column":64},"end":{"line":18,"column":3}},"line":16},"2":{"name":"(anonymous_2)","decl":{"start":{"line":21,"column":12},"end":{"line":21,"column":18}},"loc":{"start":{"line":21,"column":18},"end":{"line":23,"column":5}},"line":21},"3":{"name":"(anonymous_3)","decl":{"start":{"line":26,"column":12},"end":{"line":26,"column":18}},"loc":{"start":{"line":26,"column":18},"end":{"line":31,"column":5}},"line":26},"4":{"name":"(anonymous_4)","decl":{"start":{"line":33,"column":22},"end":{"line":33,"column":23}},"loc":{"start":{"line":33,"column":49},"end":{"line":36,"column":null}},"line":33},"5":{"name":"(anonymous_5)","decl":{"start":{"line":38,"column":23},"end":{"line":38,"column":24}},"loc":{"start":{"line":38,"column":47},"end":{"line":47,"column":null}},"line":38},"6":{"name":"(anonymous_6)","decl":{"start":{"line":49,"column":20},"end":{"line":49,"column":26}},"loc":{"start":{"line":49,"column":26},"end":{"line":58,"column":null}},"line":49},"7":{"name":"(anonymous_7)","decl":{"start":{"line":67,"column":27},"end":{"line":67,"column":33}},"loc":{"start":{"line":67,"column":33},"end":{"line":73,"column":null}},"line":67}},"branchMap":{"0":{"loc":{"start":{"line":17,"column":12},"end":{"line":17,"column":null}},"type":"binary-expr","locations":[{"start":{"line":17,"column":12},"end":{"line":17,"column":70}},{"start":{"line":17,"column":70},"end":{"line":17,"column":null}}],"line":17},"1":{"loc":{"start":{"line":28,"column":4},"end":{"line":30,"column":null}},"type":"if","locations":[{"start":{"line":28,"column":4},"end":{"line":30,"column":null}},{"start":{},"end":{}}],"line":28},"2":{"loc":{"start":{"line":28,"column":8},"end":{"line":28,"column":39}},"type":"binary-expr","locations":[{"start":{"line":28,"column":8},"end":{"line":28,"column":18}},{"start":{"line":28,"column":18},"end":{"line":28,"column":39}}],"line":28},"3":{"loc":{"start":{"line":39,"column":4},"end":{"line":46,"column":null}},"type":"switch","locations":[{"start":{"line":40,"column":6},"end":{"line":41,"column":null}},{"start":{"line":42,"column":6},"end":{"line":43,"column":null}},{"start":{"line":44,"column":6},"end":{"line":45,"column":null}}],"line":39},"4":{"loc":{"start":{"line":50,"column":4},"end":{"line":57,"column":null}},"type":"switch","locations":[{"start":{"line":51,"column":6},"end":{"line":52,"column":null}},{"start":{"line":53,"column":6},"end":{"line":54,"column":null}},{"start":{"line":55,"column":6},"end":{"line":56,"column":null}}],"line":50},"5":{"loc":{"start":{"line":69,"column":2},"end":{"line":71,"column":null}},"type":"if","locations":[{"start":{"line":69,"column":2},"end":{"line":71,"column":null}},{"start":{},"end":{}}],"line":69}},"s":{"0":2,"1":2,"2":0,"3":0,"4":0,"5":0,"6":0,"7":0,"8":0,"9":0,"10":0,"11":0,"12":0,"13":0,"14":0,"15":0,"16":0,"17":0,"18":0,"19":0,"20":0,"21":0,"22":0,"23":0,"24":2,"25":0,"26":0,"27":0,"28":0},"f":{"0":0,"1":0,"2":0,"3":0,"4":0,"5":0,"6":0,"7":0},"b":{"0":[0,0],"1":[0,0],"2":[0,0],"3":[0,0,0],"4":[0,0,0],"5":[0,0]},"meta":{"lastBranch":6,"lastFunction":8,"lastStatement":29,"seen":{"s:13:6:13:Infinity":0,"s:15:32:65:Infinity":1,"f:15:32:15:33":0,"s:16:35:18:Infinity":2,"f:16:58:16:64":1,"s:17:4:17:Infinity":3,"b:17:12:17:70:17:70:17:Infinity":0,"s:21:2:23:Infinity":4,"f:21:12:21:18":2,"s:22:4:22:Infinity":5,"s:26:2:31:Infinity":6,"f:26:12:26:18":3,"s:27:19:27:Infinity":7,"b:28:4:30:Infinity:undefined:undefined:undefined:undefined":1,"s:28:4:30:Infinity":8,"b:28:8:28:18:28:18:28:39":2,"s:29:6:29:Infinity":9,"s:33:22:36:Infinity":10,"f:33:22:33:23":4,"s:34:4:34:Infinity":11,"s:35:4:35:Infinity":12,"s:38:23:47:Infinity":13,"f:38:23:38:24":5,"b:40:6:41:Infinity:42:6:43:Infinity:44:6:45:Infinity":3,"s:39:4:46:Infinity":14,"s:41:8:41:Infinity":15,"s:43:8:43:Infinity":16,"s:45:8:45:Infinity":17,"s:49:20:58:Infinity":18,"f:49:20:49:26":6,"b:51:6:52:Infinity:53:6:54:Infinity:55:6:56:Infinity":4,"s:50:4:57:Infinity":19,"s:52:8:52:Infinity":20,"s:54:8:54:Infinity":21,"s:56:8:56:Infinity":22,"s:60:2:63:Infinity":23,"s:67:27:73:Infinity":24,"f:67:27:67:33":7,"s:68:8:68:Infinity":25,"b:69:2:71:Infinity:undefined:undefined:undefined:undefined":5,"s:69:2:71:Infinity":26,"s:70:4:70:Infinity":27,"s:72:2:72:Infinity":28}}}
,"C:\\Users\\sugam1001\\Desktop\\demo 5\\travel-portal\\src\\lib\\utils.ts": {"path":"C:\\Users\\sugam1001\\Desktop\\demo 5\\travel-portal\\src\\lib\\utils.ts","statementMap":{"0":{"start":{"line":5,"column":2},"end":{"line":5,"column":null}}},"fnMap":{"0":{"name":"cn","decl":{"start":{"line":4,"column":16},"end":{"line":4,"column":22}},"loc":{"start":{"line":4,"column":44},"end":{"line":6,"column":null}},"line":4}},"branchMap":{},"s":{"0":841},"f":{"0":841},"b":{},"meta":{"lastBranch":0,"lastFunction":1,"lastStatement":1,"seen":{"f:4:16:4:22":0,"s:5:2:5:Infinity":0}}}
}
